2025-04-06 01:08:08.040 [main] INFO  c.j.journaling.JournalingApplication - Starting JournalingApplication using Java 22.0.2 with PID 11928 (C:\Users\chand\OneDrive\Desktop\Spring Boot\journaling\target\classes started by chand in C:\Users\chand\OneDrive\Desktop\Spring Boot\journaling)
2025-04-06 01:08:08.043 [main] INFO  c.j.journaling.JournalingApplication - No active profile set, falling back to 1 default profile: "default"
2025-04-06 01:08:08.748 [main] INFO  o.s.d.r.c.RepositoryConfigurationDelegate - Multiple Spring Data modules found, entering strict repository configuration mode
2025-04-06 01:08:08.750 [main] INFO  o.s.d.r.c.RepositoryConfigurationDelegate - Bootstrapping Spring Data MongoDB repositories in DEFAULT mode.
2025-04-06 01:08:08.876 [main] INFO  o.s.d.r.c.RepositoryConfigurationDelegate - Finished Spring Data repository scanning in 121 ms. Found 3 MongoDB repository interfaces.
2025-04-06 01:08:08.890 [main] INFO  o.s.d.r.c.RepositoryConfigurationDelegate - Multiple Spring Data modules found, entering strict repository configuration mode
2025-04-06 01:08:08.891 [main] INFO  o.s.d.r.c.RepositoryConfigurationDelegate - Bootstrapping Spring Data Redis repositories in DEFAULT mode.
2025-04-06 01:08:08.903 [main] INFO  o.s.d.r.c.RepositoryConfigurationExtensionSupport - Spring Data Redis - Could not safely identify store assignment for repository candidate interface com.journalingN.journaling.repository.configRepo; If you want this repository to be a Redis repository, consider annotating your entities with one of these annotations: org.springframework.data.redis.core.RedisHash (preferred), or consider extending one of the following types with your repository: org.springframework.data.keyvalue.repository.KeyValueRepository
2025-04-06 01:08:08.904 [main] INFO  o.s.d.r.c.RepositoryConfigurationExtensionSupport - Spring Data Redis - Could not safely identify store assignment for repository candidate interface com.journalingN.journaling.repository.journalEntryRepo; If you want this repository to be a Redis repository, consider annotating your entities with one of these annotations: org.springframework.data.redis.core.RedisHash (preferred), or consider extending one of the following types with your repository: org.springframework.data.keyvalue.repository.KeyValueRepository
2025-04-06 01:08:08.904 [main] INFO  o.s.d.r.c.RepositoryConfigurationExtensionSupport - Spring Data Redis - Could not safely identify store assignment for repository candidate interface com.journalingN.journaling.repository.userRepo; If you want this repository to be a Redis repository, consider annotating your entities with one of these annotations: org.springframework.data.redis.core.RedisHash (preferred), or consider extending one of the following types with your repository: org.springframework.data.keyvalue.repository.KeyValueRepository
2025-04-06 01:08:08.904 [main] INFO  o.s.d.r.c.RepositoryConfigurationDelegate - Finished Spring Data repository scanning in 7 ms. Found 0 Redis repository interfaces.
2025-04-06 01:08:09.440 [main] INFO  o.s.b.w.e.tomcat.TomcatWebServer - Tomcat initialized with port 8080 (http)
2025-04-06 01:08:09.453 [main] INFO  o.a.coyote.http11.Http11NioProtocol - Initializing ProtocolHandler ["http-nio-8080"]
2025-04-06 01:08:09.455 [main] INFO  o.a.catalina.core.StandardService - Starting service [Tomcat]
2025-04-06 01:08:09.456 [main] INFO  o.a.catalina.core.StandardEngine - Starting Servlet engine: [Apache Tomcat/10.1.34]
2025-04-06 01:08:09.514 [main] INFO  o.a.c.c.C.[Tomcat].[localhost].[/] - Initializing Spring embedded WebApplicationContext
2025-04-06 01:08:09.515 [main] INFO  o.s.b.w.s.c.ServletWebServerApplicationContext - Root WebApplicationContext: initialization completed in 1429 ms
2025-04-06 01:08:09.849 [main] INFO  org.mongodb.driver.client - MongoClient with metadata {"application": {"name": "Cluster0"}, "driver": {"name": "mongo-java-driver|sync|spring-boot", "version": "5.0.1"}, "os": {"type": "Windows", "name": "Windows 11", "architecture": "amd64", "version": "10.0"}, "platform": "Java/Oracle Corporation/22.0.2+9-70"} created with settings MongoClientSettings{readPreference=primary, writeConcern=WriteConcern{w=majority, wTimeout=null ms, journal=null}, retryWrites=true, retryReads=true, readConcern=ReadConcern{level=null}, credential=MongoCredential{mechanism=null, userName='chnadrakarnehil06112002', source='admin', password=<hidden>, mechanismProperties=<hidden>}, transportSettings=null, commandListeners=[], codecRegistry=ProvidersCodecRegistry{codecProviders=[ValueCodecProvider{}, BsonValueCodecProvider{}, DBRefCodecProvider{}, DBObjectCodecProvider{}, DocumentCodecProvider{}, CollectionCodecProvider{}, IterableCodecProvider{}, MapCodecProvider{}, GeoJsonCodecProvider{}, GridFSFileCodecProvider{}, Jsr310CodecProvider{}, JsonObjectCodecProvider{}, BsonCodecProvider{}, EnumCodecProvider{}, com.mongodb.client.model.mql.ExpressionCodecProvider@632cf7d3, com.mongodb.Jep395RecordCodecProvider@51b87df7, com.mongodb.KotlinCodecProvider@2315052d]}, loggerSettings=LoggerSettings{maxDocumentLength=1000}, clusterSettings={hosts=[127.0.0.1:27017], srvHost=cluster0.ty8x7.mongodb.net, srvServiceName=mongodb, mode=MULTIPLE, requiredClusterType=REPLICA_SET, requiredReplicaSetName='atlas-oluvod-shard-0', serverSelector='null', clusterListeners='[]', serverSelectionTimeout='30000 ms', localThreshold='15 ms'}, socketSettings=SocketSettings{connectTimeoutMS=10000, readTimeoutMS=0, receiveBufferSize=0, proxySettings=ProxySettings{host=null, port=null, username=null, password=null}}, heartbeatSocketSettings=SocketSettings{connectTimeoutMS=10000, readTimeoutMS=10000, receiveBufferSize=0, proxySettings=ProxySettings{host=null, port=null, username=null, password=null}}, connectionPoolSettings=ConnectionPoolSettings{maxSize=100, minSize=0, maxWaitTimeMS=120000, maxConnectionLifeTimeMS=0, maxConnectionIdleTimeMS=0, maintenanceInitialDelayMS=0, maintenanceFrequencyMS=60000, connectionPoolListeners=[], maxConnecting=2}, serverSettings=ServerSettings{heartbeatFrequencyMS=10000, minHeartbeatFrequencyMS=500, serverListeners='[]', serverMonitorListeners='[]'}, sslSettings=SslSettings{enabled=true, invalidHostNameAllowed=false, context=null}, applicationName='Cluster0', compressorList=[], uuidRepresentation=JAVA_LEGACY, serverApi=null, autoEncryptionSettings=null, dnsClient=null, inetAddressResolver=null, contextProvider=null}
2025-04-06 01:08:09.891 [cluster-ClusterId{value='67f186a1dd060c670b9d3a26', description='Cluster0'}-srv-cluster0.ty8x7.mongodb.net] INFO  org.mongodb.driver.cluster - Adding discovered server cluster0-shard-00-00.ty8x7.mongodb.net:27017 to client view of cluster
2025-04-06 01:08:09.928 [cluster-ClusterId{value='67f186a1dd060c670b9d3a26', description='Cluster0'}-srv-cluster0.ty8x7.mongodb.net] INFO  org.mongodb.driver.cluster - Adding discovered server cluster0-shard-00-01.ty8x7.mongodb.net:27017 to client view of cluster
2025-04-06 01:08:09.929 [cluster-ClusterId{value='67f186a1dd060c670b9d3a26', description='Cluster0'}-srv-cluster0.ty8x7.mongodb.net] INFO  org.mongodb.driver.cluster - Adding discovered server cluster0-shard-00-02.ty8x7.mongodb.net:27017 to client view of cluster
2025-04-06 01:08:10.263 [main] INFO  org.mongodb.driver.cluster - Waiting for server to become available for operation with ID 1. Remaining time: 30000 ms. Selector: WritableServerSelector, topology description: {type=REPLICA_SET, servers=[{address=cluster0-shard-00-00.ty8x7.mongodb.net:27017, type=UNKNOWN, state=CONNECTING}, {address=cluster0-shard-00-01.ty8x7.mongodb.net:27017, type=UNKNOWN, state=CONNECTING}, {address=cluster0-shard-00-02.ty8x7.mongodb.net:27017, type=UNKNOWN, state=CONNECTING}].
2025-04-06 01:08:11.296 [cluster-ClusterId{value='67f186a1dd060c670b9d3a26', description='Cluster0'}-cluster0-shard-00-00.ty8x7.mongodb.net:27017] INFO  org.mongodb.driver.cluster - Monitor thread successfully connected to server with description ServerDescription{address=cluster0-shard-00-00.ty8x7.mongodb.net:27017, type=REPLICA_SET_SECONDARY, state=CONNECTED, ok=true, minWireVersion=0, maxWireVersion=25, maxDocumentSize=16777216, logicalSessionTimeoutMinutes=30, roundTripTimeNanos=316854300, setName='atlas-oluvod-shard-0', canonicalAddress=cluster0-shard-00-00.ty8x7.mongodb.net:27017, hosts=[cluster0-shard-00-00.ty8x7.mongodb.net:27017, cluster0-shard-00-01.ty8x7.mongodb.net:27017, cluster0-shard-00-02.ty8x7.mongodb.net:27017], passives=[], arbiters=[], primary='cluster0-shard-00-01.ty8x7.mongodb.net:27017', tagSet=TagSet{[Tag{name='availabilityZone', value='aps1-az1'}, Tag{name='diskState', value='READY'}, Tag{name='nodeType', value='ELECTABLE'}, Tag{name='provider', value='AWS'}, Tag{name='region', value='AP_SOUTH_1'}, Tag{name='workloadType', value='OPERATIONAL'}]}, electionId=null, setVersion=257, topologyVersion=TopologyVersion{processId=67ef0eb284b67d680a67d7d0, counter=4}, lastWriteDate=Sun Apr 06 01:08:11 IST 2025, lastUpdateTimeNanos=315048077797000}
2025-04-06 01:08:11.296 [cluster-ClusterId{value='67f186a1dd060c670b9d3a26', description='Cluster0'}-cluster0-shard-00-01.ty8x7.mongodb.net:27017] INFO  org.mongodb.driver.cluster - Monitor thread successfully connected to server with description ServerDescription{address=cluster0-shard-00-01.ty8x7.mongodb.net:27017, type=REPLICA_SET_PRIMARY, state=CONNECTED, ok=true, minWireVersion=0, maxWireVersion=25, maxDocumentSize=16777216, logicalSessionTimeoutMinutes=30, roundTripTimeNanos=311758500, setName='atlas-oluvod-shard-0', canonicalAddress=cluster0-shard-00-01.ty8x7.mongodb.net:27017, hosts=[cluster0-shard-00-00.ty8x7.mongodb.net:27017, cluster0-shard-00-01.ty8x7.mongodb.net:27017, cluster0-shard-00-02.ty8x7.mongodb.net:27017], passives=[], arbiters=[], primary='cluster0-shard-00-01.ty8x7.mongodb.net:27017', tagSet=TagSet{[Tag{name='availabilityZone', value='aps1-az3'}, Tag{name='diskState', value='READY'}, Tag{name='nodeType', value='ELECTABLE'}, Tag{name='provider', value='AWS'}, Tag{name='region', value='AP_SOUTH_1'}, Tag{name='workloadType', value='OPERATIONAL'}]}, electionId=7fffffff000000000000010c, setVersion=257, topologyVersion=TopologyVersion{processId=67ef0de5976ddac174225c97, counter=6}, lastWriteDate=Sun Apr 06 01:08:11 IST 2025, lastUpdateTimeNanos=315048077951200}
2025-04-06 01:08:11.298 [cluster-ClusterId{value='67f186a1dd060c670b9d3a26', description='Cluster0'}-cluster0-shard-00-02.ty8x7.mongodb.net:27017] INFO  org.mongodb.driver.cluster - Monitor thread successfully connected to server with description ServerDescription{address=cluster0-shard-00-02.ty8x7.mongodb.net:27017, type=REPLICA_SET_SECONDARY, state=CONNECTED, ok=true, minWireVersion=0, maxWireVersion=25, maxDocumentSize=16777216, logicalSessionTimeoutMinutes=30, roundTripTimeNanos=316897300, setName='atlas-oluvod-shard-0', canonicalAddress=cluster0-shard-00-02.ty8x7.mongodb.net:27017, hosts=[cluster0-shard-00-00.ty8x7.mongodb.net:27017, cluster0-shard-00-01.ty8x7.mongodb.net:27017, cluster0-shard-00-02.ty8x7.mongodb.net:27017], passives=[], arbiters=[], primary='cluster0-shard-00-01.ty8x7.mongodb.net:27017', tagSet=TagSet{[Tag{name='availabilityZone', value='aps1-az2'}, Tag{name='diskState', value='READY'}, Tag{name='nodeType', value='ELECTABLE'}, Tag{name='provider', value='AWS'}, Tag{name='region', value='AP_SOUTH_1'}, Tag{name='workloadType', value='OPERATIONAL'}]}, electionId=null, setVersion=257, topologyVersion=TopologyVersion{processId=67ef0fede514db60e7556b84, counter=3}, lastWriteDate=Sun Apr 06 01:08:11 IST 2025, lastUpdateTimeNanos=315048077896800}
2025-04-06 01:08:11.299 [cluster-ClusterId{value='67f186a1dd060c670b9d3a26', description='Cluster0'}-cluster0-shard-00-01.ty8x7.mongodb.net:27017] INFO  org.mongodb.driver.cluster - Discovered replica set primary cluster0-shard-00-01.ty8x7.mongodb.net:27017 with max election id 7fffffff000000000000010c and max set version 257
2025-04-06 01:08:12.043 [main] INFO  o.s.s.c.a.a.c.InitializeAuthenticationProviderBeanManagerConfigurer$InitializeAuthenticationProviderManagerConfigurer - Global AuthenticationManager configured with AuthenticationProvider bean with name authenticationProvider
2025-04-06 01:08:12.044 [main] WARN  o.s.s.c.a.a.c.InitializeUserDetailsBeanManagerConfigurer$InitializeUserDetailsManagerConfigurer - Global AuthenticationManager configured with an AuthenticationProvider bean. UserDetailsService beans will not be used for username/password login. Consider removing the AuthenticationProvider bean. Alternatively, consider using the UserDetailsService in a manually instantiated DaoAuthenticationProvider.
2025-04-06 01:08:12.393 [main] WARN  o.s.b.w.s.c.AnnotationConfigServletWebServerApplicationContext - Exception encountered during context initialization - cancelling refresh attempt: org.springframework.beans.factory.UnsatisfiedDependencyException: Error creating bean with name 'userController': Unsatisfied dependency expressed through field 'weatherService': Error creating bean with name 'weatherService': Unsatisfied dependency expressed through field 'redisService': Error creating bean with name 'redisService': Unsatisfied dependency expressed through field 'weatherResponse': No qualifying bean of type 'com.journalingN.journaling.api.responce.WeatherResponse' available: expected at least 1 bean which qualifies as autowire candidate. Dependency annotations: {@org.springframework.beans.factory.annotation.Autowired(required=true)}
2025-04-06 01:08:12.640 [main] INFO  o.a.catalina.core.StandardService - Stopping service [Tomcat]
2025-04-06 01:08:12.654 [main] INFO  o.s.b.a.l.ConditionEvaluationReportLogger - 

Error starting ApplicationContext. To display the condition evaluation report re-run your application with 'debug' enabled.
2025-04-06 01:08:12.677 [main] ERROR o.s.b.d.LoggingFailureAnalysisReporter - 

***************************
APPLICATION FAILED TO START
***************************

Description:

Field weatherResponse in com.journalingN.journaling.services.RedisService required a bean of type 'com.journalingN.journaling.api.responce.WeatherResponse' that could not be found.

The injection point has the following annotations:
	- @org.springframework.beans.factory.annotation.Autowired(required=true)


Action:

Consider defining a bean of type 'com.journalingN.journaling.api.responce.WeatherResponse' in your configuration.

2025-04-06 01:19:20.259 [main] INFO  c.j.journaling.JournalingApplication - Starting JournalingApplication using Java 22.0.2 with PID 26856 (C:\Users\chand\OneDrive\Desktop\Spring Boot\journaling\target\classes started by chand in C:\Users\chand\OneDrive\Desktop\Spring Boot\journaling)
2025-04-06 01:19:20.261 [main] INFO  c.j.journaling.JournalingApplication - No active profile set, falling back to 1 default profile: "default"
2025-04-06 01:19:20.964 [main] INFO  o.s.d.r.c.RepositoryConfigurationDelegate - Multiple Spring Data modules found, entering strict repository configuration mode
2025-04-06 01:19:20.965 [main] INFO  o.s.d.r.c.RepositoryConfigurationDelegate - Bootstrapping Spring Data MongoDB repositories in DEFAULT mode.
2025-04-06 01:19:21.067 [main] INFO  o.s.d.r.c.RepositoryConfigurationDelegate - Finished Spring Data repository scanning in 98 ms. Found 3 MongoDB repository interfaces.
2025-04-06 01:19:21.080 [main] INFO  o.s.d.r.c.RepositoryConfigurationDelegate - Multiple Spring Data modules found, entering strict repository configuration mode
2025-04-06 01:19:21.081 [main] INFO  o.s.d.r.c.RepositoryConfigurationDelegate - Bootstrapping Spring Data Redis repositories in DEFAULT mode.
2025-04-06 01:19:21.095 [main] INFO  o.s.d.r.c.RepositoryConfigurationExtensionSupport - Spring Data Redis - Could not safely identify store assignment for repository candidate interface com.journalingN.journaling.repository.configRepo; If you want this repository to be a Redis repository, consider annotating your entities with one of these annotations: org.springframework.data.redis.core.RedisHash (preferred), or consider extending one of the following types with your repository: org.springframework.data.keyvalue.repository.KeyValueRepository
2025-04-06 01:19:21.096 [main] INFO  o.s.d.r.c.RepositoryConfigurationExtensionSupport - Spring Data Redis - Could not safely identify store assignment for repository candidate interface com.journalingN.journaling.repository.journalEntryRepo; If you want this repository to be a Redis repository, consider annotating your entities with one of these annotations: org.springframework.data.redis.core.RedisHash (preferred), or consider extending one of the following types with your repository: org.springframework.data.keyvalue.repository.KeyValueRepository
2025-04-06 01:19:21.096 [main] INFO  o.s.d.r.c.RepositoryConfigurationExtensionSupport - Spring Data Redis - Could not safely identify store assignment for repository candidate interface com.journalingN.journaling.repository.userRepo; If you want this repository to be a Redis repository, consider annotating your entities with one of these annotations: org.springframework.data.redis.core.RedisHash (preferred), or consider extending one of the following types with your repository: org.springframework.data.keyvalue.repository.KeyValueRepository
2025-04-06 01:19:21.096 [main] INFO  o.s.d.r.c.RepositoryConfigurationDelegate - Finished Spring Data repository scanning in 8 ms. Found 0 Redis repository interfaces.
2025-04-06 01:19:21.606 [main] INFO  o.s.b.w.e.tomcat.TomcatWebServer - Tomcat initialized with port 8080 (http)
2025-04-06 01:19:21.618 [main] INFO  o.a.coyote.http11.Http11NioProtocol - Initializing ProtocolHandler ["http-nio-8080"]
2025-04-06 01:19:21.621 [main] INFO  o.a.catalina.core.StandardService - Starting service [Tomcat]
2025-04-06 01:19:21.621 [main] INFO  o.a.catalina.core.StandardEngine - Starting Servlet engine: [Apache Tomcat/10.1.34]
2025-04-06 01:19:21.681 [main] INFO  o.a.c.c.C.[Tomcat].[localhost].[/] - Initializing Spring embedded WebApplicationContext
2025-04-06 01:19:21.682 [main] INFO  o.s.b.w.s.c.ServletWebServerApplicationContext - Root WebApplicationContext: initialization completed in 1365 ms
2025-04-06 01:19:22.044 [main] INFO  org.mongodb.driver.client - MongoClient with metadata {"application": {"name": "Cluster0"}, "driver": {"name": "mongo-java-driver|sync|spring-boot", "version": "5.0.1"}, "os": {"type": "Windows", "name": "Windows 11", "architecture": "amd64", "version": "10.0"}, "platform": "Java/Oracle Corporation/22.0.2+9-70"} created with settings MongoClientSettings{readPreference=primary, writeConcern=WriteConcern{w=majority, wTimeout=null ms, journal=null}, retryWrites=true, retryReads=true, readConcern=ReadConcern{level=null}, credential=MongoCredential{mechanism=null, userName='chnadrakarnehil06112002', source='admin', password=<hidden>, mechanismProperties=<hidden>}, transportSettings=null, commandListeners=[], codecRegistry=ProvidersCodecRegistry{codecProviders=[ValueCodecProvider{}, BsonValueCodecProvider{}, DBRefCodecProvider{}, DBObjectCodecProvider{}, DocumentCodecProvider{}, CollectionCodecProvider{}, IterableCodecProvider{}, MapCodecProvider{}, GeoJsonCodecProvider{}, GridFSFileCodecProvider{}, Jsr310CodecProvider{}, JsonObjectCodecProvider{}, BsonCodecProvider{}, EnumCodecProvider{}, com.mongodb.client.model.mql.ExpressionCodecProvider@3cc9632d, com.mongodb.Jep395RecordCodecProvider@53982523, com.mongodb.KotlinCodecProvider@489110c2]}, loggerSettings=LoggerSettings{maxDocumentLength=1000}, clusterSettings={hosts=[127.0.0.1:27017], srvHost=cluster0.ty8x7.mongodb.net, srvServiceName=mongodb, mode=MULTIPLE, requiredClusterType=REPLICA_SET, requiredReplicaSetName='atlas-oluvod-shard-0', serverSelector='null', clusterListeners='[]', serverSelectionTimeout='30000 ms', localThreshold='15 ms'}, socketSettings=SocketSettings{connectTimeoutMS=10000, readTimeoutMS=0, receiveBufferSize=0, proxySettings=ProxySettings{host=null, port=null, username=null, password=null}}, heartbeatSocketSettings=SocketSettings{connectTimeoutMS=10000, readTimeoutMS=10000, receiveBufferSize=0, proxySettings=ProxySettings{host=null, port=null, username=null, password=null}}, connectionPoolSettings=ConnectionPoolSettings{maxSize=100, minSize=0, maxWaitTimeMS=120000, maxConnectionLifeTimeMS=0, maxConnectionIdleTimeMS=0, maintenanceInitialDelayMS=0, maintenanceFrequencyMS=60000, connectionPoolListeners=[], maxConnecting=2}, serverSettings=ServerSettings{heartbeatFrequencyMS=10000, minHeartbeatFrequencyMS=500, serverListeners='[]', serverMonitorListeners='[]'}, sslSettings=SslSettings{enabled=true, invalidHostNameAllowed=false, context=null}, applicationName='Cluster0', compressorList=[], uuidRepresentation=JAVA_LEGACY, serverApi=null, autoEncryptionSettings=null, dnsClient=null, inetAddressResolver=null, contextProvider=null}
2025-04-06 01:19:22.091 [cluster-ClusterId{value='67f1894203a9fc12d2351d66', description='Cluster0'}-srv-cluster0.ty8x7.mongodb.net] INFO  org.mongodb.driver.cluster - Adding discovered server cluster0-shard-00-00.ty8x7.mongodb.net:27017 to client view of cluster
2025-04-06 01:19:22.139 [cluster-ClusterId{value='67f1894203a9fc12d2351d66', description='Cluster0'}-srv-cluster0.ty8x7.mongodb.net] INFO  org.mongodb.driver.cluster - Adding discovered server cluster0-shard-00-01.ty8x7.mongodb.net:27017 to client view of cluster
2025-04-06 01:19:22.143 [cluster-ClusterId{value='67f1894203a9fc12d2351d66', description='Cluster0'}-srv-cluster0.ty8x7.mongodb.net] INFO  org.mongodb.driver.cluster - Adding discovered server cluster0-shard-00-02.ty8x7.mongodb.net:27017 to client view of cluster
2025-04-06 01:19:22.472 [main] INFO  org.mongodb.driver.cluster - Waiting for server to become available for operation with ID 1. Remaining time: 30000 ms. Selector: WritableServerSelector, topology description: {type=REPLICA_SET, servers=[{address=cluster0-shard-00-00.ty8x7.mongodb.net:27017, type=UNKNOWN, state=CONNECTING}, {address=cluster0-shard-00-01.ty8x7.mongodb.net:27017, type=UNKNOWN, state=CONNECTING}, {address=cluster0-shard-00-02.ty8x7.mongodb.net:27017, type=UNKNOWN, state=CONNECTING}].
2025-04-06 01:19:22.804 [cluster-ClusterId{value='67f1894203a9fc12d2351d66', description='Cluster0'}-cluster0-shard-00-01.ty8x7.mongodb.net:27017] INFO  org.mongodb.driver.cluster - Monitor thread successfully connected to server with description ServerDescription{address=cluster0-shard-00-01.ty8x7.mongodb.net:27017, type=REPLICA_SET_PRIMARY, state=CONNECTED, ok=true, minWireVersion=0, maxWireVersion=25, maxDocumentSize=16777216, logicalSessionTimeoutMinutes=30, roundTripTimeNanos=342331500, setName='atlas-oluvod-shard-0', canonicalAddress=cluster0-shard-00-01.ty8x7.mongodb.net:27017, hosts=[cluster0-shard-00-00.ty8x7.mongodb.net:27017, cluster0-shard-00-01.ty8x7.mongodb.net:27017, cluster0-shard-00-02.ty8x7.mongodb.net:27017], passives=[], arbiters=[], primary='cluster0-shard-00-01.ty8x7.mongodb.net:27017', tagSet=TagSet{[Tag{name='availabilityZone', value='aps1-az3'}, Tag{name='diskState', value='READY'}, Tag{name='nodeType', value='ELECTABLE'}, Tag{name='provider', value='AWS'}, Tag{name='region', value='AP_SOUTH_1'}, Tag{name='workloadType', value='OPERATIONAL'}]}, electionId=7fffffff000000000000010c, setVersion=257, topologyVersion=TopologyVersion{processId=67ef0de5976ddac174225c97, counter=6}, lastWriteDate=Sun Apr 06 01:19:22 IST 2025, lastUpdateTimeNanos=315719582295900}
2025-04-06 01:19:22.804 [cluster-ClusterId{value='67f1894203a9fc12d2351d66', description='Cluster0'}-cluster0-shard-00-02.ty8x7.mongodb.net:27017] INFO  org.mongodb.driver.cluster - Monitor thread successfully connected to server with description ServerDescription{address=cluster0-shard-00-02.ty8x7.mongodb.net:27017, type=REPLICA_SET_SECONDARY, state=CONNECTED, ok=true, minWireVersion=0, maxWireVersion=25, maxDocumentSize=16777216, logicalSessionTimeoutMinutes=30, roundTripTimeNanos=342299300, setName='atlas-oluvod-shard-0', canonicalAddress=cluster0-shard-00-02.ty8x7.mongodb.net:27017, hosts=[cluster0-shard-00-00.ty8x7.mongodb.net:27017, cluster0-shard-00-01.ty8x7.mongodb.net:27017, cluster0-shard-00-02.ty8x7.mongodb.net:27017], passives=[], arbiters=[], primary='cluster0-shard-00-01.ty8x7.mongodb.net:27017', tagSet=TagSet{[Tag{name='availabilityZone', value='aps1-az2'}, Tag{name='diskState', value='READY'}, Tag{name='nodeType', value='ELECTABLE'}, Tag{name='provider', value='AWS'}, Tag{name='region', value='AP_SOUTH_1'}, Tag{name='workloadType', value='OPERATIONAL'}]}, electionId=null, setVersion=257, topologyVersion=TopologyVersion{processId=67ef0fede514db60e7556b84, counter=3}, lastWriteDate=Sun Apr 06 01:19:22 IST 2025, lastUpdateTimeNanos=315719582279000}
2025-04-06 01:19:22.804 [cluster-ClusterId{value='67f1894203a9fc12d2351d66', description='Cluster0'}-cluster0-shard-00-00.ty8x7.mongodb.net:27017] INFO  org.mongodb.driver.cluster - Monitor thread successfully connected to server with description ServerDescription{address=cluster0-shard-00-00.ty8x7.mongodb.net:27017, type=REPLICA_SET_SECONDARY, state=CONNECTED, ok=true, minWireVersion=0, maxWireVersion=25, maxDocumentSize=16777216, logicalSessionTimeoutMinutes=30, roundTripTimeNanos=323557900, setName='atlas-oluvod-shard-0', canonicalAddress=cluster0-shard-00-00.ty8x7.mongodb.net:27017, hosts=[cluster0-shard-00-00.ty8x7.mongodb.net:27017, cluster0-shard-00-01.ty8x7.mongodb.net:27017, cluster0-shard-00-02.ty8x7.mongodb.net:27017], passives=[], arbiters=[], primary='cluster0-shard-00-01.ty8x7.mongodb.net:27017', tagSet=TagSet{[Tag{name='availabilityZone', value='aps1-az1'}, Tag{name='diskState', value='READY'}, Tag{name='nodeType', value='ELECTABLE'}, Tag{name='provider', value='AWS'}, Tag{name='region', value='AP_SOUTH_1'}, Tag{name='workloadType', value='OPERATIONAL'}]}, electionId=null, setVersion=257, topologyVersion=TopologyVersion{processId=67ef0eb284b67d680a67d7d0, counter=4}, lastWriteDate=Sun Apr 06 01:19:22 IST 2025, lastUpdateTimeNanos=315719582280500}
2025-04-06 01:19:22.806 [cluster-ClusterId{value='67f1894203a9fc12d2351d66', description='Cluster0'}-cluster0-shard-00-01.ty8x7.mongodb.net:27017] INFO  org.mongodb.driver.cluster - Discovered replica set primary cluster0-shard-00-01.ty8x7.mongodb.net:27017 with max election id 7fffffff000000000000010c and max set version 257
2025-04-06 01:19:23.550 [main] INFO  o.s.s.c.a.a.c.InitializeAuthenticationProviderBeanManagerConfigurer$InitializeAuthenticationProviderManagerConfigurer - Global AuthenticationManager configured with AuthenticationProvider bean with name authenticationProvider
2025-04-06 01:19:23.550 [main] WARN  o.s.s.c.a.a.c.InitializeUserDetailsBeanManagerConfigurer$InitializeUserDetailsManagerConfigurer - Global AuthenticationManager configured with an AuthenticationProvider bean. UserDetailsService beans will not be used for username/password login. Consider removing the AuthenticationProvider bean. Alternatively, consider using the UserDetailsService in a manually instantiated DaoAuthenticationProvider.
2025-04-06 01:19:24.744 [main] INFO  o.a.coyote.http11.Http11NioProtocol - Starting ProtocolHandler ["http-nio-8080"]
2025-04-06 01:19:24.757 [main] INFO  o.s.b.w.e.tomcat.TomcatWebServer - Tomcat started on port 8080 (http) with context path '/'
2025-04-06 01:19:24.817 [main] INFO  o.a.k.c.consumer.ConsumerConfig - ConsumerConfig values: 
	allow.auto.create.topics = true
	auto.commit.interval.ms = 5000
	auto.include.jmx.reporter = true
	auto.offset.reset = latest
	bootstrap.servers = [localhost:9092]
	check.crcs = true
	client.dns.lookup = use_all_dns_ips
	client.id = consumer-weekly-sentiment-group-1
	client.rack = 
	connections.max.idle.ms = 540000
	default.api.timeout.ms = 60000
	enable.auto.commit = false
	enable.metrics.push = true
	exclude.internal.topics = true
	fetch.max.bytes = 52428800
	fetch.max.wait.ms = 500
	fetch.min.bytes = 1
	group.id = weekly-sentiment-group
	group.instance.id = null
	group.protocol = classic
	group.remote.assignor = null
	heartbeat.interval.ms = 3000
	interceptor.classes = []
	internal.leave.group.on.close = true
	internal.throw.on.fetch.stable.offset.unsupported = false
	isolation.level = read_uncommitted
	key.deserializer = class org.apache.kafka.common.serialization.StringDeserializer
	max.partition.fetch.bytes = 1048576
	max.poll.interval.ms = 300000
	max.poll.records = 500
	metadata.max.age.ms = 300000
	metric.reporters = []
	metrics.num.samples = 2
	metrics.recording.level = INFO
	metrics.sample.window.ms = 30000
	partition.assignment.strategy = [class org.apache.kafka.clients.consumer.RangeAssignor, class org.apache.kafka.clients.consumer.CooperativeStickyAssignor]
	receive.buffer.bytes = 65536
	reconnect.backoff.max.ms = 1000
	reconnect.backoff.ms = 50
	request.timeout.ms = 30000
	retry.backoff.max.ms = 1000
	retry.backoff.ms = 100
	sasl.client.callback.handler.class = null
	sasl.jaas.config = null
	sasl.kerberos.kinit.cmd = /usr/bin/kinit
	sasl.kerberos.min.time.before.relogin = 60000
	sasl.kerberos.service.name = null
	sasl.kerberos.ticket.renew.jitter = 0.05
	sasl.kerberos.ticket.renew.window.factor = 0.8
	sasl.login.callback.handler.class = null
	sasl.login.class = null
	sasl.login.connect.timeout.ms = null
	sasl.login.read.timeout.ms = null
	sasl.login.refresh.buffer.seconds = 300
	sasl.login.refresh.min.period.seconds = 60
	sasl.login.refresh.window.factor = 0.8
	sasl.login.refresh.window.jitter = 0.05
	sasl.login.retry.backoff.max.ms = 10000
	sasl.login.retry.backoff.ms = 100
	sasl.mechanism = GSSAPI
	sasl.oauthbearer.clock.skew.seconds = 30
	sasl.oauthbearer.expected.audience = null
	sasl.oauthbearer.expected.issuer = null
	sasl.oauthbearer.jwks.endpoint.refresh.ms = 3600000
	sasl.oauthbearer.jwks.endpoint.retry.backoff.max.ms = 10000
	sasl.oauthbearer.jwks.endpoint.retry.backoff.ms = 100
	sasl.oauthbearer.jwks.endpoint.url = null
	sasl.oauthbearer.scope.claim.name = scope
	sasl.oauthbearer.sub.claim.name = sub
	sasl.oauthbearer.token.endpoint.url = null
	security.protocol = PLAINTEXT
	security.providers = null
	send.buffer.bytes = 131072
	session.timeout.ms = 45000
	socket.connection.setup.timeout.max.ms = 30000
	socket.connection.setup.timeout.ms = 10000
	ssl.cipher.suites = null
	ssl.enabled.protocols = [TLSv1.2, TLSv1.3]
	ssl.endpoint.identification.algorithm = https
	ssl.engine.factory.class = null
	ssl.key.password = null
	ssl.keymanager.algorithm = SunX509
	ssl.keystore.certificate.chain = null
	ssl.keystore.key = null
	ssl.keystore.location = null
	ssl.keystore.password = null
	ssl.keystore.type = JKS
	ssl.protocol = TLSv1.3
	ssl.provider = null
	ssl.secure.random.implementation = null
	ssl.trustmanager.algorithm = PKIX
	ssl.truststore.certificates = null
	ssl.truststore.location = null
	ssl.truststore.password = null
	ssl.truststore.type = JKS
	value.deserializer = class org.apache.kafka.common.serialization.StringDeserializer

2025-04-06 01:19:24.857 [main] INFO  o.a.k.c.t.i.KafkaMetricsCollector - initializing Kafka metrics collector
2025-04-06 01:19:25.064 [main] INFO  o.a.kafka.common.utils.AppInfoParser - Kafka version: 3.7.2
2025-04-06 01:19:25.064 [main] INFO  o.a.kafka.common.utils.AppInfoParser - Kafka commitId: 79a8f2b5f44f9d5a
2025-04-06 01:19:25.065 [main] INFO  o.a.kafka.common.utils.AppInfoParser - Kafka startTimeMs: 1743882565063
2025-04-06 01:19:25.068 [main] INFO  o.a.k.c.c.i.LegacyKafkaConsumer - [Consumer clientId=consumer-weekly-sentiment-group-1, groupId=weekly-sentiment-group] Subscribed to topic(s): weekly-sentiments
2025-04-06 01:19:25.086 [main] INFO  c.j.journaling.JournalingApplication - Started JournalingApplication in 5.276 seconds (process running for 5.824)
2025-04-06 01:19:25.311 [org.springframework.kafka.KafkaListenerEndpointContainer#0-0-C-1] INFO  o.apache.kafka.clients.NetworkClient - [Consumer clientId=consumer-weekly-sentiment-group-1, groupId=weekly-sentiment-group] Node -1 disconnected.
2025-04-06 01:19:25.312 [org.springframework.kafka.KafkaListenerEndpointContainer#0-0-C-1] WARN  o.apache.kafka.clients.NetworkClient - [Consumer clientId=consumer-weekly-sentiment-group-1, groupId=weekly-sentiment-group] Connection to node -1 (localhost/127.0.0.1:9092) could not be established. Node may not be available.
2025-04-06 01:19:25.313 [org.springframework.kafka.KafkaListenerEndpointContainer#0-0-C-1] WARN  o.apache.kafka.clients.NetworkClient - [Consumer clientId=consumer-weekly-sentiment-group-1, groupId=weekly-sentiment-group] Bootstrap broker localhost:9092 (id: -1 rack: null) disconnected
2025-04-06 01:19:25.433 [org.springframework.kafka.KafkaListenerEndpointContainer#0-0-C-1] INFO  o.apache.kafka.clients.NetworkClient - [Consumer clientId=consumer-weekly-sentiment-group-1, groupId=weekly-sentiment-group] Node -1 disconnected.
2025-04-06 01:19:25.434 [org.springframework.kafka.KafkaListenerEndpointContainer#0-0-C-1] WARN  o.apache.kafka.clients.NetworkClient - [Consumer clientId=consumer-weekly-sentiment-group-1, groupId=weekly-sentiment-group] Connection to node -1 (localhost/127.0.0.1:9092) could not be established. Node may not be available.
2025-04-06 01:19:25.434 [org.springframework.kafka.KafkaListenerEndpointContainer#0-0-C-1] WARN  o.apache.kafka.clients.NetworkClient - [Consumer clientId=consumer-weekly-sentiment-group-1, groupId=weekly-sentiment-group] Bootstrap broker localhost:9092 (id: -1 rack: null) disconnected
2025-04-06 01:19:25.562 [org.springframework.kafka.KafkaListenerEndpointContainer#0-0-C-1] INFO  o.apache.kafka.clients.NetworkClient - [Consumer clientId=consumer-weekly-sentiment-group-1, groupId=weekly-sentiment-group] Node -1 disconnected.
2025-04-06 01:19:25.562 [org.springframework.kafka.KafkaListenerEndpointContainer#0-0-C-1] WARN  o.apache.kafka.clients.NetworkClient - [Consumer clientId=consumer-weekly-sentiment-group-1, groupId=weekly-sentiment-group] Connection to node -1 (localhost/127.0.0.1:9092) could not be established. Node may not be available.
2025-04-06 01:19:25.562 [org.springframework.kafka.KafkaListenerEndpointContainer#0-0-C-1] WARN  o.apache.kafka.clients.NetworkClient - [Consumer clientId=consumer-weekly-sentiment-group-1, groupId=weekly-sentiment-group] Bootstrap broker localhost:9092 (id: -1 rack: null) disconnected
2025-04-06 01:19:25.795 [org.springframework.kafka.KafkaListenerEndpointContainer#0-0-C-1] INFO  o.apache.kafka.clients.NetworkClient - [Consumer clientId=consumer-weekly-sentiment-group-1, groupId=weekly-sentiment-group] Node -1 disconnected.
2025-04-06 01:19:25.795 [org.springframework.kafka.KafkaListenerEndpointContainer#0-0-C-1] WARN  o.apache.kafka.clients.NetworkClient - [Consumer clientId=consumer-weekly-sentiment-group-1, groupId=weekly-sentiment-group] Connection to node -1 (localhost/127.0.0.1:9092) could not be established. Node may not be available.
2025-04-06 01:19:25.795 [org.springframework.kafka.KafkaListenerEndpointContainer#0-0-C-1] WARN  o.apache.kafka.clients.NetworkClient - [Consumer clientId=consumer-weekly-sentiment-group-1, groupId=weekly-sentiment-group] Bootstrap broker localhost:9092 (id: -1 rack: null) disconnected
2025-04-06 01:19:26.202 [org.springframework.kafka.KafkaListenerEndpointContainer#0-0-C-1] INFO  o.apache.kafka.clients.NetworkClient - [Consumer clientId=consumer-weekly-sentiment-group-1, groupId=weekly-sentiment-group] Node -1 disconnected.
2025-04-06 01:19:26.202 [org.springframework.kafka.KafkaListenerEndpointContainer#0-0-C-1] WARN  o.apache.kafka.clients.NetworkClient - [Consumer clientId=consumer-weekly-sentiment-group-1, groupId=weekly-sentiment-group] Connection to node -1 (localhost/127.0.0.1:9092) could not be established. Node may not be available.
2025-04-06 01:19:26.202 [org.springframework.kafka.KafkaListenerEndpointContainer#0-0-C-1] WARN  o.apache.kafka.clients.NetworkClient - [Consumer clientId=consumer-weekly-sentiment-group-1, groupId=weekly-sentiment-group] Bootstrap broker localhost:9092 (id: -1 rack: null) disconnected
2025-04-06 01:19:27.118 [org.springframework.kafka.KafkaListenerEndpointContainer#0-0-C-1] INFO  o.apache.kafka.clients.NetworkClient - [Consumer clientId=consumer-weekly-sentiment-group-1, groupId=weekly-sentiment-group] Node -1 disconnected.
2025-04-06 01:19:27.119 [org.springframework.kafka.KafkaListenerEndpointContainer#0-0-C-1] WARN  o.apache.kafka.clients.NetworkClient - [Consumer clientId=consumer-weekly-sentiment-group-1, groupId=weekly-sentiment-group] Connection to node -1 (localhost/127.0.0.1:9092) could not be established. Node may not be available.
2025-04-06 01:19:27.119 [org.springframework.kafka.KafkaListenerEndpointContainer#0-0-C-1] WARN  o.apache.kafka.clients.NetworkClient - [Consumer clientId=consumer-weekly-sentiment-group-1, groupId=weekly-sentiment-group] Bootstrap broker localhost:9092 (id: -1 rack: null) disconnected
2025-04-06 01:19:28.164 [org.springframework.kafka.KafkaListenerEndpointContainer#0-0-C-1] INFO  o.apache.kafka.clients.NetworkClient - [Consumer clientId=consumer-weekly-sentiment-group-1, groupId=weekly-sentiment-group] Node -1 disconnected.
2025-04-06 01:19:28.164 [org.springframework.kafka.KafkaListenerEndpointContainer#0-0-C-1] WARN  o.apache.kafka.clients.NetworkClient - [Consumer clientId=consumer-weekly-sentiment-group-1, groupId=weekly-sentiment-group] Connection to node -1 (localhost/127.0.0.1:9092) could not be established. Node may not be available.
2025-04-06 01:19:28.165 [org.springframework.kafka.KafkaListenerEndpointContainer#0-0-C-1] WARN  o.apache.kafka.clients.NetworkClient - [Consumer clientId=consumer-weekly-sentiment-group-1, groupId=weekly-sentiment-group] Bootstrap broker localhost:9092 (id: -1 rack: null) disconnected
2025-04-06 01:19:29.161 [org.springframework.kafka.KafkaListenerEndpointContainer#0-0-C-1] INFO  o.apache.kafka.clients.NetworkClient - [Consumer clientId=consumer-weekly-sentiment-group-1, groupId=weekly-sentiment-group] Node -1 disconnected.
2025-04-06 01:19:29.161 [org.springframework.kafka.KafkaListenerEndpointContainer#0-0-C-1] WARN  o.apache.kafka.clients.NetworkClient - [Consumer clientId=consumer-weekly-sentiment-group-1, groupId=weekly-sentiment-group] Connection to node -1 (localhost/127.0.0.1:9092) could not be established. Node may not be available.
2025-04-06 01:19:29.162 [org.springframework.kafka.KafkaListenerEndpointContainer#0-0-C-1] WARN  o.apache.kafka.clients.NetworkClient - [Consumer clientId=consumer-weekly-sentiment-group-1, groupId=weekly-sentiment-group] Bootstrap broker localhost:9092 (id: -1 rack: null) disconnected
2025-04-06 01:19:30.193 [org.springframework.kafka.KafkaListenerEndpointContainer#0-0-C-1] INFO  o.apache.kafka.clients.NetworkClient - [Consumer clientId=consumer-weekly-sentiment-group-1, groupId=weekly-sentiment-group] Node -1 disconnected.
2025-04-06 01:19:30.193 [org.springframework.kafka.KafkaListenerEndpointContainer#0-0-C-1] WARN  o.apache.kafka.clients.NetworkClient - [Consumer clientId=consumer-weekly-sentiment-group-1, groupId=weekly-sentiment-group] Connection to node -1 (localhost/127.0.0.1:9092) could not be established. Node may not be available.
2025-04-06 01:19:30.193 [org.springframework.kafka.KafkaListenerEndpointContainer#0-0-C-1] WARN  o.apache.kafka.clients.NetworkClient - [Consumer clientId=consumer-weekly-sentiment-group-1, groupId=weekly-sentiment-group] Bootstrap broker localhost:9092 (id: -1 rack: null) disconnected
2025-04-06 01:19:31.204 [org.springframework.kafka.KafkaListenerEndpointContainer#0-0-C-1] INFO  o.apache.kafka.clients.NetworkClient - [Consumer clientId=consumer-weekly-sentiment-group-1, groupId=weekly-sentiment-group] Node -1 disconnected.
2025-04-06 01:19:31.205 [org.springframework.kafka.KafkaListenerEndpointContainer#0-0-C-1] WARN  o.apache.kafka.clients.NetworkClient - [Consumer clientId=consumer-weekly-sentiment-group-1, groupId=weekly-sentiment-group] Connection to node -1 (localhost/127.0.0.1:9092) could not be established. Node may not be available.
2025-04-06 01:19:31.205 [org.springframework.kafka.KafkaListenerEndpointContainer#0-0-C-1] WARN  o.apache.kafka.clients.NetworkClient - [Consumer clientId=consumer-weekly-sentiment-group-1, groupId=weekly-sentiment-group] Bootstrap broker localhost:9092 (id: -1 rack: null) disconnected
2025-04-06 01:19:32.264 [org.springframework.kafka.KafkaListenerEndpointContainer#0-0-C-1] INFO  o.apache.kafka.clients.NetworkClient - [Consumer clientId=consumer-weekly-sentiment-group-1, groupId=weekly-sentiment-group] Node -1 disconnected.
2025-04-06 01:19:32.265 [org.springframework.kafka.KafkaListenerEndpointContainer#0-0-C-1] WARN  o.apache.kafka.clients.NetworkClient - [Consumer clientId=consumer-weekly-sentiment-group-1, groupId=weekly-sentiment-group] Connection to node -1 (localhost/127.0.0.1:9092) could not be established. Node may not be available.
2025-04-06 01:19:32.265 [org.springframework.kafka.KafkaListenerEndpointContainer#0-0-C-1] WARN  o.apache.kafka.clients.NetworkClient - [Consumer clientId=consumer-weekly-sentiment-group-1, groupId=weekly-sentiment-group] Bootstrap broker localhost:9092 (id: -1 rack: null) disconnected
2025-04-06 01:19:33.318 [org.springframework.kafka.KafkaListenerEndpointContainer#0-0-C-1] INFO  o.apache.kafka.clients.NetworkClient - [Consumer clientId=consumer-weekly-sentiment-group-1, groupId=weekly-sentiment-group] Node -1 disconnected.
2025-04-06 01:19:33.318 [org.springframework.kafka.KafkaListenerEndpointContainer#0-0-C-1] WARN  o.apache.kafka.clients.NetworkClient - [Consumer clientId=consumer-weekly-sentiment-group-1, groupId=weekly-sentiment-group] Connection to node -1 (localhost/127.0.0.1:9092) could not be established. Node may not be available.
2025-04-06 01:19:33.319 [org.springframework.kafka.KafkaListenerEndpointContainer#0-0-C-1] WARN  o.apache.kafka.clients.NetworkClient - [Consumer clientId=consumer-weekly-sentiment-group-1, groupId=weekly-sentiment-group] Bootstrap broker localhost:9092 (id: -1 rack: null) disconnected
2025-04-06 01:19:34.200 [org.springframework.kafka.KafkaListenerEndpointContainer#0-0-C-1] INFO  o.apache.kafka.clients.NetworkClient - [Consumer clientId=consumer-weekly-sentiment-group-1, groupId=weekly-sentiment-group] Node -1 disconnected.
2025-04-06 01:19:34.200 [org.springframework.kafka.KafkaListenerEndpointContainer#0-0-C-1] WARN  o.apache.kafka.clients.NetworkClient - [Consumer clientId=consumer-weekly-sentiment-group-1, groupId=weekly-sentiment-group] Connection to node -1 (localhost/127.0.0.1:9092) could not be established. Node may not be available.
2025-04-06 01:19:34.200 [org.springframework.kafka.KafkaListenerEndpointContainer#0-0-C-1] WARN  o.apache.kafka.clients.NetworkClient - [Consumer clientId=consumer-weekly-sentiment-group-1, groupId=weekly-sentiment-group] Bootstrap broker localhost:9092 (id: -1 rack: null) disconnected
2025-04-06 01:19:35.048 [org.springframework.kafka.KafkaListenerEndpointContainer#0-0-C-1] INFO  o.apache.kafka.clients.NetworkClient - [Consumer clientId=consumer-weekly-sentiment-group-1, groupId=weekly-sentiment-group] Node -1 disconnected.
2025-04-06 01:19:35.048 [org.springframework.kafka.KafkaListenerEndpointContainer#0-0-C-1] WARN  o.apache.kafka.clients.NetworkClient - [Consumer clientId=consumer-weekly-sentiment-group-1, groupId=weekly-sentiment-group] Connection to node -1 (localhost/127.0.0.1:9092) could not be established. Node may not be available.
2025-04-06 01:19:35.048 [org.springframework.kafka.KafkaListenerEndpointContainer#0-0-C-1] WARN  o.apache.kafka.clients.NetworkClient - [Consumer clientId=consumer-weekly-sentiment-group-1, groupId=weekly-sentiment-group] Bootstrap broker localhost:9092 (id: -1 rack: null) disconnected
2025-04-06 01:19:36.108 [org.springframework.kafka.KafkaListenerEndpointContainer#0-0-C-1] INFO  o.apache.kafka.clients.NetworkClient - [Consumer clientId=consumer-weekly-sentiment-group-1, groupId=weekly-sentiment-group] Node -1 disconnected.
2025-04-06 01:19:36.109 [org.springframework.kafka.KafkaListenerEndpointContainer#0-0-C-1] WARN  o.apache.kafka.clients.NetworkClient - [Consumer clientId=consumer-weekly-sentiment-group-1, groupId=weekly-sentiment-group] Connection to node -1 (localhost/127.0.0.1:9092) could not be established. Node may not be available.
2025-04-06 01:19:36.109 [org.springframework.kafka.KafkaListenerEndpointContainer#0-0-C-1] WARN  o.apache.kafka.clients.NetworkClient - [Consumer clientId=consumer-weekly-sentiment-group-1, groupId=weekly-sentiment-group] Bootstrap broker localhost:9092 (id: -1 rack: null) disconnected
2025-04-06 01:19:37.109 [org.springframework.kafka.KafkaListenerEndpointContainer#0-0-C-1] INFO  o.apache.kafka.clients.NetworkClient - [Consumer clientId=consumer-weekly-sentiment-group-1, groupId=weekly-sentiment-group] Node -1 disconnected.
2025-04-06 01:19:37.109 [org.springframework.kafka.KafkaListenerEndpointContainer#0-0-C-1] WARN  o.apache.kafka.clients.NetworkClient - [Consumer clientId=consumer-weekly-sentiment-group-1, groupId=weekly-sentiment-group] Connection to node -1 (localhost/127.0.0.1:9092) could not be established. Node may not be available.
2025-04-06 01:19:37.110 [org.springframework.kafka.KafkaListenerEndpointContainer#0-0-C-1] WARN  o.apache.kafka.clients.NetworkClient - [Consumer clientId=consumer-weekly-sentiment-group-1, groupId=weekly-sentiment-group] Bootstrap broker localhost:9092 (id: -1 rack: null) disconnected
2025-04-06 01:19:38.138 [org.springframework.kafka.KafkaListenerEndpointContainer#0-0-C-1] INFO  o.apache.kafka.clients.NetworkClient - [Consumer clientId=consumer-weekly-sentiment-group-1, groupId=weekly-sentiment-group] Node -1 disconnected.
2025-04-06 01:19:38.139 [org.springframework.kafka.KafkaListenerEndpointContainer#0-0-C-1] WARN  o.apache.kafka.clients.NetworkClient - [Consumer clientId=consumer-weekly-sentiment-group-1, groupId=weekly-sentiment-group] Connection to node -1 (localhost/127.0.0.1:9092) could not be established. Node may not be available.
2025-04-06 01:19:38.139 [org.springframework.kafka.KafkaListenerEndpointContainer#0-0-C-1] WARN  o.apache.kafka.clients.NetworkClient - [Consumer clientId=consumer-weekly-sentiment-group-1, groupId=weekly-sentiment-group] Bootstrap broker localhost:9092 (id: -1 rack: null) disconnected
2025-04-06 01:19:38.999 [org.springframework.kafka.KafkaListenerEndpointContainer#0-0-C-1] INFO  o.apache.kafka.clients.NetworkClient - [Consumer clientId=consumer-weekly-sentiment-group-1, groupId=weekly-sentiment-group] Node -1 disconnected.
2025-04-06 01:19:38.999 [org.springframework.kafka.KafkaListenerEndpointContainer#0-0-C-1] WARN  o.apache.kafka.clients.NetworkClient - [Consumer clientId=consumer-weekly-sentiment-group-1, groupId=weekly-sentiment-group] Connection to node -1 (localhost/127.0.0.1:9092) could not be established. Node may not be available.
2025-04-06 01:19:38.999 [org.springframework.kafka.KafkaListenerEndpointContainer#0-0-C-1] WARN  o.apache.kafka.clients.NetworkClient - [Consumer clientId=consumer-weekly-sentiment-group-1, groupId=weekly-sentiment-group] Bootstrap broker localhost:9092 (id: -1 rack: null) disconnected
2025-04-06 01:19:39.923 [org.springframework.kafka.KafkaListenerEndpointContainer#0-0-C-1] INFO  o.apache.kafka.clients.NetworkClient - [Consumer clientId=consumer-weekly-sentiment-group-1, groupId=weekly-sentiment-group] Node -1 disconnected.
2025-04-06 01:19:39.923 [org.springframework.kafka.KafkaListenerEndpointContainer#0-0-C-1] WARN  o.apache.kafka.clients.NetworkClient - [Consumer clientId=consumer-weekly-sentiment-group-1, groupId=weekly-sentiment-group] Connection to node -1 (localhost/127.0.0.1:9092) could not be established. Node may not be available.
2025-04-06 01:19:39.923 [org.springframework.kafka.KafkaListenerEndpointContainer#0-0-C-1] WARN  o.apache.kafka.clients.NetworkClient - [Consumer clientId=consumer-weekly-sentiment-group-1, groupId=weekly-sentiment-group] Bootstrap broker localhost:9092 (id: -1 rack: null) disconnected
2025-04-06 01:19:40.929 [org.springframework.kafka.KafkaListenerEndpointContainer#0-0-C-1] INFO  o.apache.kafka.clients.NetworkClient - [Consumer clientId=consumer-weekly-sentiment-group-1, groupId=weekly-sentiment-group] Node -1 disconnected.
2025-04-06 01:19:40.930 [org.springframework.kafka.KafkaListenerEndpointContainer#0-0-C-1] WARN  o.apache.kafka.clients.NetworkClient - [Consumer clientId=consumer-weekly-sentiment-group-1, groupId=weekly-sentiment-group] Connection to node -1 (localhost/127.0.0.1:9092) could not be established. Node may not be available.
2025-04-06 01:19:40.930 [org.springframework.kafka.KafkaListenerEndpointContainer#0-0-C-1] WARN  o.apache.kafka.clients.NetworkClient - [Consumer clientId=consumer-weekly-sentiment-group-1, groupId=weekly-sentiment-group] Bootstrap broker localhost:9092 (id: -1 rack: null) disconnected
2025-04-06 01:19:41.940 [org.springframework.kafka.KafkaListenerEndpointContainer#0-0-C-1] INFO  o.apache.kafka.clients.NetworkClient - [Consumer clientId=consumer-weekly-sentiment-group-1, groupId=weekly-sentiment-group] Node -1 disconnected.
2025-04-06 01:19:41.941 [org.springframework.kafka.KafkaListenerEndpointContainer#0-0-C-1] WARN  o.apache.kafka.clients.NetworkClient - [Consumer clientId=consumer-weekly-sentiment-group-1, groupId=weekly-sentiment-group] Connection to node -1 (localhost/127.0.0.1:9092) could not be established. Node may not be available.
2025-04-06 01:19:41.941 [org.springframework.kafka.KafkaListenerEndpointContainer#0-0-C-1] WARN  o.apache.kafka.clients.NetworkClient - [Consumer clientId=consumer-weekly-sentiment-group-1, groupId=weekly-sentiment-group] Bootstrap broker localhost:9092 (id: -1 rack: null) disconnected
2025-04-06 01:19:42.933 [org.springframework.kafka.KafkaListenerEndpointContainer#0-0-C-1] INFO  o.apache.kafka.clients.NetworkClient - [Consumer clientId=consumer-weekly-sentiment-group-1, groupId=weekly-sentiment-group] Node -1 disconnected.
2025-04-06 01:19:42.933 [org.springframework.kafka.KafkaListenerEndpointContainer#0-0-C-1] WARN  o.apache.kafka.clients.NetworkClient - [Consumer clientId=consumer-weekly-sentiment-group-1, groupId=weekly-sentiment-group] Connection to node -1 (localhost/127.0.0.1:9092) could not be established. Node may not be available.
2025-04-06 01:19:42.933 [org.springframework.kafka.KafkaListenerEndpointContainer#0-0-C-1] WARN  o.apache.kafka.clients.NetworkClient - [Consumer clientId=consumer-weekly-sentiment-group-1, groupId=weekly-sentiment-group] Bootstrap broker localhost:9092 (id: -1 rack: null) disconnected
2025-04-06 01:19:43.993 [org.springframework.kafka.KafkaListenerEndpointContainer#0-0-C-1] INFO  o.apache.kafka.clients.NetworkClient - [Consumer clientId=consumer-weekly-sentiment-group-1, groupId=weekly-sentiment-group] Node -1 disconnected.
2025-04-06 01:19:43.993 [org.springframework.kafka.KafkaListenerEndpointContainer#0-0-C-1] WARN  o.apache.kafka.clients.NetworkClient - [Consumer clientId=consumer-weekly-sentiment-group-1, groupId=weekly-sentiment-group] Connection to node -1 (localhost/127.0.0.1:9092) could not be established. Node may not be available.
2025-04-06 01:19:43.993 [org.springframework.kafka.KafkaListenerEndpointContainer#0-0-C-1] WARN  o.apache.kafka.clients.NetworkClient - [Consumer clientId=consumer-weekly-sentiment-group-1, groupId=weekly-sentiment-group] Bootstrap broker localhost:9092 (id: -1 rack: null) disconnected
2025-04-06 01:19:45.006 [org.springframework.kafka.KafkaListenerEndpointContainer#0-0-C-1] INFO  o.apache.kafka.clients.NetworkClient - [Consumer clientId=consumer-weekly-sentiment-group-1, groupId=weekly-sentiment-group] Node -1 disconnected.
2025-04-06 01:19:45.007 [org.springframework.kafka.KafkaListenerEndpointContainer#0-0-C-1] WARN  o.apache.kafka.clients.NetworkClient - [Consumer clientId=consumer-weekly-sentiment-group-1, groupId=weekly-sentiment-group] Connection to node -1 (localhost/127.0.0.1:9092) could not be established. Node may not be available.
2025-04-06 01:19:45.007 [org.springframework.kafka.KafkaListenerEndpointContainer#0-0-C-1] WARN  o.apache.kafka.clients.NetworkClient - [Consumer clientId=consumer-weekly-sentiment-group-1, groupId=weekly-sentiment-group] Bootstrap broker localhost:9092 (id: -1 rack: null) disconnected
2025-04-06 01:19:45.959 [org.springframework.kafka.KafkaListenerEndpointContainer#0-0-C-1] INFO  o.apache.kafka.clients.NetworkClient - [Consumer clientId=consumer-weekly-sentiment-group-1, groupId=weekly-sentiment-group] Node -1 disconnected.
2025-04-06 01:19:45.959 [org.springframework.kafka.KafkaListenerEndpointContainer#0-0-C-1] WARN  o.apache.kafka.clients.NetworkClient - [Consumer clientId=consumer-weekly-sentiment-group-1, groupId=weekly-sentiment-group] Connection to node -1 (localhost/127.0.0.1:9092) could not be established. Node may not be available.
2025-04-06 01:19:45.959 [org.springframework.kafka.KafkaListenerEndpointContainer#0-0-C-1] WARN  o.apache.kafka.clients.NetworkClient - [Consumer clientId=consumer-weekly-sentiment-group-1, groupId=weekly-sentiment-group] Bootstrap broker localhost:9092 (id: -1 rack: null) disconnected
2025-04-06 01:19:47.008 [org.springframework.kafka.KafkaListenerEndpointContainer#0-0-C-1] INFO  o.apache.kafka.clients.NetworkClient - [Consumer clientId=consumer-weekly-sentiment-group-1, groupId=weekly-sentiment-group] Node -1 disconnected.
2025-04-06 01:19:47.009 [org.springframework.kafka.KafkaListenerEndpointContainer#0-0-C-1] WARN  o.apache.kafka.clients.NetworkClient - [Consumer clientId=consumer-weekly-sentiment-group-1, groupId=weekly-sentiment-group] Connection to node -1 (localhost/127.0.0.1:9092) could not be established. Node may not be available.
2025-04-06 01:19:47.009 [org.springframework.kafka.KafkaListenerEndpointContainer#0-0-C-1] WARN  o.apache.kafka.clients.NetworkClient - [Consumer clientId=consumer-weekly-sentiment-group-1, groupId=weekly-sentiment-group] Bootstrap broker localhost:9092 (id: -1 rack: null) disconnected
2025-04-06 01:19:48.010 [org.springframework.kafka.KafkaListenerEndpointContainer#0-0-C-1] INFO  o.apache.kafka.clients.NetworkClient - [Consumer clientId=consumer-weekly-sentiment-group-1, groupId=weekly-sentiment-group] Node -1 disconnected.
2025-04-06 01:19:48.011 [org.springframework.kafka.KafkaListenerEndpointContainer#0-0-C-1] WARN  o.apache.kafka.clients.NetworkClient - [Consumer clientId=consumer-weekly-sentiment-group-1, groupId=weekly-sentiment-group] Connection to node -1 (localhost/127.0.0.1:9092) could not be established. Node may not be available.
2025-04-06 01:19:48.012 [org.springframework.kafka.KafkaListenerEndpointContainer#0-0-C-1] WARN  o.apache.kafka.clients.NetworkClient - [Consumer clientId=consumer-weekly-sentiment-group-1, groupId=weekly-sentiment-group] Bootstrap broker localhost:9092 (id: -1 rack: null) disconnected
2025-04-06 01:19:49.014 [org.springframework.kafka.KafkaListenerEndpointContainer#0-0-C-1] INFO  o.apache.kafka.clients.NetworkClient - [Consumer clientId=consumer-weekly-sentiment-group-1, groupId=weekly-sentiment-group] Node -1 disconnected.
2025-04-06 01:19:49.015 [org.springframework.kafka.KafkaListenerEndpointContainer#0-0-C-1] WARN  o.apache.kafka.clients.NetworkClient - [Consumer clientId=consumer-weekly-sentiment-group-1, groupId=weekly-sentiment-group] Connection to node -1 (localhost/127.0.0.1:9092) could not be established. Node may not be available.
2025-04-06 01:19:49.015 [org.springframework.kafka.KafkaListenerEndpointContainer#0-0-C-1] WARN  o.apache.kafka.clients.NetworkClient - [Consumer clientId=consumer-weekly-sentiment-group-1, groupId=weekly-sentiment-group] Bootstrap broker localhost:9092 (id: -1 rack: null) disconnected
2025-04-06 01:19:49.960 [org.springframework.kafka.KafkaListenerEndpointContainer#0-0-C-1] INFO  o.apache.kafka.clients.NetworkClient - [Consumer clientId=consumer-weekly-sentiment-group-1, groupId=weekly-sentiment-group] Node -1 disconnected.
2025-04-06 01:19:49.961 [org.springframework.kafka.KafkaListenerEndpointContainer#0-0-C-1] WARN  o.apache.kafka.clients.NetworkClient - [Consumer clientId=consumer-weekly-sentiment-group-1, groupId=weekly-sentiment-group] Connection to node -1 (localhost/127.0.0.1:9092) could not be established. Node may not be available.
2025-04-06 01:19:49.961 [org.springframework.kafka.KafkaListenerEndpointContainer#0-0-C-1] WARN  o.apache.kafka.clients.NetworkClient - [Consumer clientId=consumer-weekly-sentiment-group-1, groupId=weekly-sentiment-group] Bootstrap broker localhost:9092 (id: -1 rack: null) disconnected
2025-04-06 01:19:50.908 [org.springframework.kafka.KafkaListenerEndpointContainer#0-0-C-1] INFO  o.apache.kafka.clients.NetworkClient - [Consumer clientId=consumer-weekly-sentiment-group-1, groupId=weekly-sentiment-group] Node -1 disconnected.
2025-04-06 01:19:50.909 [org.springframework.kafka.KafkaListenerEndpointContainer#0-0-C-1] WARN  o.apache.kafka.clients.NetworkClient - [Consumer clientId=consumer-weekly-sentiment-group-1, groupId=weekly-sentiment-group] Connection to node -1 (localhost/127.0.0.1:9092) could not be established. Node may not be available.
2025-04-06 01:19:50.909 [org.springframework.kafka.KafkaListenerEndpointContainer#0-0-C-1] WARN  o.apache.kafka.clients.NetworkClient - [Consumer clientId=consumer-weekly-sentiment-group-1, groupId=weekly-sentiment-group] Bootstrap broker localhost:9092 (id: -1 rack: null) disconnected
2025-04-06 01:19:51.970 [org.springframework.kafka.KafkaListenerEndpointContainer#0-0-C-1] INFO  o.apache.kafka.clients.NetworkClient - [Consumer clientId=consumer-weekly-sentiment-group-1, groupId=weekly-sentiment-group] Node -1 disconnected.
2025-04-06 01:19:51.971 [org.springframework.kafka.KafkaListenerEndpointContainer#0-0-C-1] WARN  o.apache.kafka.clients.NetworkClient - [Consumer clientId=consumer-weekly-sentiment-group-1, groupId=weekly-sentiment-group] Connection to node -1 (localhost/127.0.0.1:9092) could not be established. Node may not be available.
2025-04-06 01:19:51.971 [org.springframework.kafka.KafkaListenerEndpointContainer#0-0-C-1] WARN  o.apache.kafka.clients.NetworkClient - [Consumer clientId=consumer-weekly-sentiment-group-1, groupId=weekly-sentiment-group] Bootstrap broker localhost:9092 (id: -1 rack: null) disconnected
2025-04-06 01:19:52.888 [org.springframework.kafka.KafkaListenerEndpointContainer#0-0-C-1] INFO  o.apache.kafka.clients.NetworkClient - [Consumer clientId=consumer-weekly-sentiment-group-1, groupId=weekly-sentiment-group] Node -1 disconnected.
2025-04-06 01:19:52.888 [org.springframework.kafka.KafkaListenerEndpointContainer#0-0-C-1] WARN  o.apache.kafka.clients.NetworkClient - [Consumer clientId=consumer-weekly-sentiment-group-1, groupId=weekly-sentiment-group] Connection to node -1 (localhost/127.0.0.1:9092) could not be established. Node may not be available.
2025-04-06 01:19:52.888 [org.springframework.kafka.KafkaListenerEndpointContainer#0-0-C-1] WARN  o.apache.kafka.clients.NetworkClient - [Consumer clientId=consumer-weekly-sentiment-group-1, groupId=weekly-sentiment-group] Bootstrap broker localhost:9092 (id: -1 rack: null) disconnected
2025-04-06 01:19:53.938 [org.springframework.kafka.KafkaListenerEndpointContainer#0-0-C-1] INFO  o.apache.kafka.clients.NetworkClient - [Consumer clientId=consumer-weekly-sentiment-group-1, groupId=weekly-sentiment-group] Node -1 disconnected.
2025-04-06 01:19:53.938 [org.springframework.kafka.KafkaListenerEndpointContainer#0-0-C-1] WARN  o.apache.kafka.clients.NetworkClient - [Consumer clientId=consumer-weekly-sentiment-group-1, groupId=weekly-sentiment-group] Connection to node -1 (localhost/127.0.0.1:9092) could not be established. Node may not be available.
2025-04-06 01:19:53.939 [org.springframework.kafka.KafkaListenerEndpointContainer#0-0-C-1] WARN  o.apache.kafka.clients.NetworkClient - [Consumer clientId=consumer-weekly-sentiment-group-1, groupId=weekly-sentiment-group] Bootstrap broker localhost:9092 (id: -1 rack: null) disconnected
2025-04-06 01:19:54.804 [org.springframework.kafka.KafkaListenerEndpointContainer#0-0-C-1] INFO  o.apache.kafka.clients.NetworkClient - [Consumer clientId=consumer-weekly-sentiment-group-1, groupId=weekly-sentiment-group] Node -1 disconnected.
2025-04-06 01:19:54.804 [org.springframework.kafka.KafkaListenerEndpointContainer#0-0-C-1] WARN  o.apache.kafka.clients.NetworkClient - [Consumer clientId=consumer-weekly-sentiment-group-1, groupId=weekly-sentiment-group] Connection to node -1 (localhost/127.0.0.1:9092) could not be established. Node may not be available.
2025-04-06 01:19:54.804 [org.springframework.kafka.KafkaListenerEndpointContainer#0-0-C-1] WARN  o.apache.kafka.clients.NetworkClient - [Consumer clientId=consumer-weekly-sentiment-group-1, groupId=weekly-sentiment-group] Bootstrap broker localhost:9092 (id: -1 rack: null) disconnected
2025-04-06 01:19:55.783 [org.springframework.kafka.KafkaListenerEndpointContainer#0-0-C-1] INFO  o.apache.kafka.clients.NetworkClient - [Consumer clientId=consumer-weekly-sentiment-group-1, groupId=weekly-sentiment-group] Node -1 disconnected.
2025-04-06 01:19:55.783 [org.springframework.kafka.KafkaListenerEndpointContainer#0-0-C-1] WARN  o.apache.kafka.clients.NetworkClient - [Consumer clientId=consumer-weekly-sentiment-group-1, groupId=weekly-sentiment-group] Connection to node -1 (localhost/127.0.0.1:9092) could not be established. Node may not be available.
2025-04-06 01:19:55.783 [org.springframework.kafka.KafkaListenerEndpointContainer#0-0-C-1] WARN  o.apache.kafka.clients.NetworkClient - [Consumer clientId=consumer-weekly-sentiment-group-1, groupId=weekly-sentiment-group] Bootstrap broker localhost:9092 (id: -1 rack: null) disconnected
2025-04-06 01:19:56.753 [org.springframework.kafka.KafkaListenerEndpointContainer#0-0-C-1] INFO  o.apache.kafka.clients.NetworkClient - [Consumer clientId=consumer-weekly-sentiment-group-1, groupId=weekly-sentiment-group] Node -1 disconnected.
2025-04-06 01:19:56.754 [org.springframework.kafka.KafkaListenerEndpointContainer#0-0-C-1] WARN  o.apache.kafka.clients.NetworkClient - [Consumer clientId=consumer-weekly-sentiment-group-1, groupId=weekly-sentiment-group] Connection to node -1 (localhost/127.0.0.1:9092) could not be established. Node may not be available.
2025-04-06 01:19:56.754 [org.springframework.kafka.KafkaListenerEndpointContainer#0-0-C-1] WARN  o.apache.kafka.clients.NetworkClient - [Consumer clientId=consumer-weekly-sentiment-group-1, groupId=weekly-sentiment-group] Bootstrap broker localhost:9092 (id: -1 rack: null) disconnected
2025-04-06 01:19:57.658 [org.springframework.kafka.KafkaListenerEndpointContainer#0-0-C-1] INFO  o.apache.kafka.clients.NetworkClient - [Consumer clientId=consumer-weekly-sentiment-group-1, groupId=weekly-sentiment-group] Node -1 disconnected.
2025-04-06 01:19:57.659 [org.springframework.kafka.KafkaListenerEndpointContainer#0-0-C-1] WARN  o.apache.kafka.clients.NetworkClient - [Consumer clientId=consumer-weekly-sentiment-group-1, groupId=weekly-sentiment-group] Connection to node -1 (localhost/127.0.0.1:9092) could not be established. Node may not be available.
2025-04-06 01:19:57.659 [org.springframework.kafka.KafkaListenerEndpointContainer#0-0-C-1] WARN  o.apache.kafka.clients.NetworkClient - [Consumer clientId=consumer-weekly-sentiment-group-1, groupId=weekly-sentiment-group] Bootstrap broker localhost:9092 (id: -1 rack: null) disconnected
2025-04-06 01:19:58.534 [org.springframework.kafka.KafkaListenerEndpointContainer#0-0-C-1] INFO  o.apache.kafka.clients.NetworkClient - [Consumer clientId=consumer-weekly-sentiment-group-1, groupId=weekly-sentiment-group] Node -1 disconnected.
2025-04-06 01:19:58.536 [org.springframework.kafka.KafkaListenerEndpointContainer#0-0-C-1] WARN  o.apache.kafka.clients.NetworkClient - [Consumer clientId=consumer-weekly-sentiment-group-1, groupId=weekly-sentiment-group] Connection to node -1 (localhost/127.0.0.1:9092) could not be established. Node may not be available.
2025-04-06 01:19:58.536 [org.springframework.kafka.KafkaListenerEndpointContainer#0-0-C-1] WARN  o.apache.kafka.clients.NetworkClient - [Consumer clientId=consumer-weekly-sentiment-group-1, groupId=weekly-sentiment-group] Bootstrap broker localhost:9092 (id: -1 rack: null) disconnected
2025-04-06 01:19:59.549 [org.springframework.kafka.KafkaListenerEndpointContainer#0-0-C-1] INFO  o.apache.kafka.clients.NetworkClient - [Consumer clientId=consumer-weekly-sentiment-group-1, groupId=weekly-sentiment-group] Node -1 disconnected.
2025-04-06 01:19:59.550 [org.springframework.kafka.KafkaListenerEndpointContainer#0-0-C-1] WARN  o.apache.kafka.clients.NetworkClient - [Consumer clientId=consumer-weekly-sentiment-group-1, groupId=weekly-sentiment-group] Connection to node -1 (localhost/127.0.0.1:9092) could not be established. Node may not be available.
2025-04-06 01:19:59.550 [org.springframework.kafka.KafkaListenerEndpointContainer#0-0-C-1] WARN  o.apache.kafka.clients.NetworkClient - [Consumer clientId=consumer-weekly-sentiment-group-1, groupId=weekly-sentiment-group] Bootstrap broker localhost:9092 (id: -1 rack: null) disconnected
2025-04-06 01:20:00.589 [org.springframework.kafka.KafkaListenerEndpointContainer#0-0-C-1] INFO  o.apache.kafka.clients.NetworkClient - [Consumer clientId=consumer-weekly-sentiment-group-1, groupId=weekly-sentiment-group] Node -1 disconnected.
2025-04-06 01:20:00.589 [org.springframework.kafka.KafkaListenerEndpointContainer#0-0-C-1] WARN  o.apache.kafka.clients.NetworkClient - [Consumer clientId=consumer-weekly-sentiment-group-1, groupId=weekly-sentiment-group] Connection to node -1 (localhost/127.0.0.1:9092) could not be established. Node may not be available.
2025-04-06 01:20:00.589 [org.springframework.kafka.KafkaListenerEndpointContainer#0-0-C-1] WARN  o.apache.kafka.clients.NetworkClient - [Consumer clientId=consumer-weekly-sentiment-group-1, groupId=weekly-sentiment-group] Bootstrap broker localhost:9092 (id: -1 rack: null) disconnected
2025-04-06 01:20:01.590 [org.springframework.kafka.KafkaListenerEndpointContainer#0-0-C-1] INFO  o.apache.kafka.clients.NetworkClient - [Consumer clientId=consumer-weekly-sentiment-group-1, groupId=weekly-sentiment-group] Node -1 disconnected.
2025-04-06 01:20:01.591 [org.springframework.kafka.KafkaListenerEndpointContainer#0-0-C-1] WARN  o.apache.kafka.clients.NetworkClient - [Consumer clientId=consumer-weekly-sentiment-group-1, groupId=weekly-sentiment-group] Connection to node -1 (localhost/127.0.0.1:9092) could not be established. Node may not be available.
2025-04-06 01:20:01.591 [org.springframework.kafka.KafkaListenerEndpointContainer#0-0-C-1] WARN  o.apache.kafka.clients.NetworkClient - [Consumer clientId=consumer-weekly-sentiment-group-1, groupId=weekly-sentiment-group] Bootstrap broker localhost:9092 (id: -1 rack: null) disconnected
2025-04-06 01:20:02.636 [org.springframework.kafka.KafkaListenerEndpointContainer#0-0-C-1] INFO  o.apache.kafka.clients.NetworkClient - [Consumer clientId=consumer-weekly-sentiment-group-1, groupId=weekly-sentiment-group] Node -1 disconnected.
2025-04-06 01:20:02.636 [org.springframework.kafka.KafkaListenerEndpointContainer#0-0-C-1] WARN  o.apache.kafka.clients.NetworkClient - [Consumer clientId=consumer-weekly-sentiment-group-1, groupId=weekly-sentiment-group] Connection to node -1 (localhost/127.0.0.1:9092) could not be established. Node may not be available.
2025-04-06 01:20:02.636 [org.springframework.kafka.KafkaListenerEndpointContainer#0-0-C-1] WARN  o.apache.kafka.clients.NetworkClient - [Consumer clientId=consumer-weekly-sentiment-group-1, groupId=weekly-sentiment-group] Bootstrap broker localhost:9092 (id: -1 rack: null) disconnected
2025-04-06 01:20:03.636 [org.springframework.kafka.KafkaListenerEndpointContainer#0-0-C-1] INFO  o.apache.kafka.clients.NetworkClient - [Consumer clientId=consumer-weekly-sentiment-group-1, groupId=weekly-sentiment-group] Node -1 disconnected.
2025-04-06 01:20:03.636 [org.springframework.kafka.KafkaListenerEndpointContainer#0-0-C-1] WARN  o.apache.kafka.clients.NetworkClient - [Consumer clientId=consumer-weekly-sentiment-group-1, groupId=weekly-sentiment-group] Connection to node -1 (localhost/127.0.0.1:9092) could not be established. Node may not be available.
2025-04-06 01:20:03.636 [org.springframework.kafka.KafkaListenerEndpointContainer#0-0-C-1] WARN  o.apache.kafka.clients.NetworkClient - [Consumer clientId=consumer-weekly-sentiment-group-1, groupId=weekly-sentiment-group] Bootstrap broker localhost:9092 (id: -1 rack: null) disconnected
2025-04-06 01:20:04.509 [org.springframework.kafka.KafkaListenerEndpointContainer#0-0-C-1] INFO  o.apache.kafka.clients.NetworkClient - [Consumer clientId=consumer-weekly-sentiment-group-1, groupId=weekly-sentiment-group] Node -1 disconnected.
2025-04-06 01:20:04.510 [org.springframework.kafka.KafkaListenerEndpointContainer#0-0-C-1] WARN  o.apache.kafka.clients.NetworkClient - [Consumer clientId=consumer-weekly-sentiment-group-1, groupId=weekly-sentiment-group] Connection to node -1 (localhost/127.0.0.1:9092) could not be established. Node may not be available.
2025-04-06 01:20:04.510 [org.springframework.kafka.KafkaListenerEndpointContainer#0-0-C-1] WARN  o.apache.kafka.clients.NetworkClient - [Consumer clientId=consumer-weekly-sentiment-group-1, groupId=weekly-sentiment-group] Bootstrap broker localhost:9092 (id: -1 rack: null) disconnected
2025-04-06 01:20:05.522 [org.springframework.kafka.KafkaListenerEndpointContainer#0-0-C-1] INFO  o.apache.kafka.clients.NetworkClient - [Consumer clientId=consumer-weekly-sentiment-group-1, groupId=weekly-sentiment-group] Node -1 disconnected.
2025-04-06 01:20:05.522 [org.springframework.kafka.KafkaListenerEndpointContainer#0-0-C-1] WARN  o.apache.kafka.clients.NetworkClient - [Consumer clientId=consumer-weekly-sentiment-group-1, groupId=weekly-sentiment-group] Connection to node -1 (localhost/127.0.0.1:9092) could not be established. Node may not be available.
2025-04-06 01:20:05.522 [org.springframework.kafka.KafkaListenerEndpointContainer#0-0-C-1] WARN  o.apache.kafka.clients.NetworkClient - [Consumer clientId=consumer-weekly-sentiment-group-1, groupId=weekly-sentiment-group] Bootstrap broker localhost:9092 (id: -1 rack: null) disconnected
2025-04-06 01:20:06.395 [org.springframework.kafka.KafkaListenerEndpointContainer#0-0-C-1] INFO  o.apache.kafka.clients.NetworkClient - [Consumer clientId=consumer-weekly-sentiment-group-1, groupId=weekly-sentiment-group] Node -1 disconnected.
2025-04-06 01:20:06.395 [org.springframework.kafka.KafkaListenerEndpointContainer#0-0-C-1] WARN  o.apache.kafka.clients.NetworkClient - [Consumer clientId=consumer-weekly-sentiment-group-1, groupId=weekly-sentiment-group] Connection to node -1 (localhost/127.0.0.1:9092) could not be established. Node may not be available.
2025-04-06 01:20:06.395 [org.springframework.kafka.KafkaListenerEndpointContainer#0-0-C-1] WARN  o.apache.kafka.clients.NetworkClient - [Consumer clientId=consumer-weekly-sentiment-group-1, groupId=weekly-sentiment-group] Bootstrap broker localhost:9092 (id: -1 rack: null) disconnected
2025-04-06 01:20:07.398 [org.springframework.kafka.KafkaListenerEndpointContainer#0-0-C-1] INFO  o.apache.kafka.clients.NetworkClient - [Consumer clientId=consumer-weekly-sentiment-group-1, groupId=weekly-sentiment-group] Node -1 disconnected.
2025-04-06 01:20:07.399 [org.springframework.kafka.KafkaListenerEndpointContainer#0-0-C-1] WARN  o.apache.kafka.clients.NetworkClient - [Consumer clientId=consumer-weekly-sentiment-group-1, groupId=weekly-sentiment-group] Connection to node -1 (localhost/127.0.0.1:9092) could not be established. Node may not be available.
2025-04-06 01:20:07.399 [org.springframework.kafka.KafkaListenerEndpointContainer#0-0-C-1] WARN  o.apache.kafka.clients.NetworkClient - [Consumer clientId=consumer-weekly-sentiment-group-1, groupId=weekly-sentiment-group] Bootstrap broker localhost:9092 (id: -1 rack: null) disconnected
2025-04-06 01:20:08.413 [org.springframework.kafka.KafkaListenerEndpointContainer#0-0-C-1] INFO  o.apache.kafka.clients.NetworkClient - [Consumer clientId=consumer-weekly-sentiment-group-1, groupId=weekly-sentiment-group] Node -1 disconnected.
2025-04-06 01:20:08.414 [org.springframework.kafka.KafkaListenerEndpointContainer#0-0-C-1] WARN  o.apache.kafka.clients.NetworkClient - [Consumer clientId=consumer-weekly-sentiment-group-1, groupId=weekly-sentiment-group] Connection to node -1 (localhost/127.0.0.1:9092) could not be established. Node may not be available.
2025-04-06 01:20:08.414 [org.springframework.kafka.KafkaListenerEndpointContainer#0-0-C-1] WARN  o.apache.kafka.clients.NetworkClient - [Consumer clientId=consumer-weekly-sentiment-group-1, groupId=weekly-sentiment-group] Bootstrap broker localhost:9092 (id: -1 rack: null) disconnected
2025-04-06 01:20:09.442 [org.springframework.kafka.KafkaListenerEndpointContainer#0-0-C-1] INFO  o.apache.kafka.clients.NetworkClient - [Consumer clientId=consumer-weekly-sentiment-group-1, groupId=weekly-sentiment-group] Node -1 disconnected.
2025-04-06 01:20:09.442 [org.springframework.kafka.KafkaListenerEndpointContainer#0-0-C-1] WARN  o.apache.kafka.clients.NetworkClient - [Consumer clientId=consumer-weekly-sentiment-group-1, groupId=weekly-sentiment-group] Connection to node -1 (localhost/127.0.0.1:9092) could not be established. Node may not be available.
2025-04-06 01:20:09.442 [org.springframework.kafka.KafkaListenerEndpointContainer#0-0-C-1] WARN  o.apache.kafka.clients.NetworkClient - [Consumer clientId=consumer-weekly-sentiment-group-1, groupId=weekly-sentiment-group] Bootstrap broker localhost:9092 (id: -1 rack: null) disconnected
2025-04-06 01:20:10.498 [org.springframework.kafka.KafkaListenerEndpointContainer#0-0-C-1] INFO  o.apache.kafka.clients.NetworkClient - [Consumer clientId=consumer-weekly-sentiment-group-1, groupId=weekly-sentiment-group] Node -1 disconnected.
2025-04-06 01:20:10.498 [org.springframework.kafka.KafkaListenerEndpointContainer#0-0-C-1] WARN  o.apache.kafka.clients.NetworkClient - [Consumer clientId=consumer-weekly-sentiment-group-1, groupId=weekly-sentiment-group] Connection to node -1 (localhost/127.0.0.1:9092) could not be established. Node may not be available.
2025-04-06 01:20:10.498 [org.springframework.kafka.KafkaListenerEndpointContainer#0-0-C-1] WARN  o.apache.kafka.clients.NetworkClient - [Consumer clientId=consumer-weekly-sentiment-group-1, groupId=weekly-sentiment-group] Bootstrap broker localhost:9092 (id: -1 rack: null) disconnected
2025-04-06 01:20:11.430 [org.springframework.kafka.KafkaListenerEndpointContainer#0-0-C-1] INFO  o.apache.kafka.clients.NetworkClient - [Consumer clientId=consumer-weekly-sentiment-group-1, groupId=weekly-sentiment-group] Node -1 disconnected.
2025-04-06 01:20:11.431 [org.springframework.kafka.KafkaListenerEndpointContainer#0-0-C-1] WARN  o.apache.kafka.clients.NetworkClient - [Consumer clientId=consumer-weekly-sentiment-group-1, groupId=weekly-sentiment-group] Connection to node -1 (localhost/127.0.0.1:9092) could not be established. Node may not be available.
2025-04-06 01:20:11.431 [org.springframework.kafka.KafkaListenerEndpointContainer#0-0-C-1] WARN  o.apache.kafka.clients.NetworkClient - [Consumer clientId=consumer-weekly-sentiment-group-1, groupId=weekly-sentiment-group] Bootstrap broker localhost:9092 (id: -1 rack: null) disconnected
2025-04-06 01:20:12.383 [org.springframework.kafka.KafkaListenerEndpointContainer#0-0-C-1] INFO  o.apache.kafka.clients.NetworkClient - [Consumer clientId=consumer-weekly-sentiment-group-1, groupId=weekly-sentiment-group] Node -1 disconnected.
2025-04-06 01:20:12.383 [org.springframework.kafka.KafkaListenerEndpointContainer#0-0-C-1] WARN  o.apache.kafka.clients.NetworkClient - [Consumer clientId=consumer-weekly-sentiment-group-1, groupId=weekly-sentiment-group] Connection to node -1 (localhost/127.0.0.1:9092) could not be established. Node may not be available.
2025-04-06 01:20:12.383 [org.springframework.kafka.KafkaListenerEndpointContainer#0-0-C-1] WARN  o.apache.kafka.clients.NetworkClient - [Consumer clientId=consumer-weekly-sentiment-group-1, groupId=weekly-sentiment-group] Bootstrap broker localhost:9092 (id: -1 rack: null) disconnected
2025-04-06 01:20:13.384 [org.springframework.kafka.KafkaListenerEndpointContainer#0-0-C-1] INFO  o.apache.kafka.clients.NetworkClient - [Consumer clientId=consumer-weekly-sentiment-group-1, groupId=weekly-sentiment-group] Node -1 disconnected.
2025-04-06 01:20:13.384 [org.springframework.kafka.KafkaListenerEndpointContainer#0-0-C-1] WARN  o.apache.kafka.clients.NetworkClient - [Consumer clientId=consumer-weekly-sentiment-group-1, groupId=weekly-sentiment-group] Connection to node -1 (localhost/127.0.0.1:9092) could not be established. Node may not be available.
2025-04-06 01:20:13.385 [org.springframework.kafka.KafkaListenerEndpointContainer#0-0-C-1] WARN  o.apache.kafka.clients.NetworkClient - [Consumer clientId=consumer-weekly-sentiment-group-1, groupId=weekly-sentiment-group] Bootstrap broker localhost:9092 (id: -1 rack: null) disconnected
2025-04-06 01:20:14.398 [org.springframework.kafka.KafkaListenerEndpointContainer#0-0-C-1] INFO  o.apache.kafka.clients.NetworkClient - [Consumer clientId=consumer-weekly-sentiment-group-1, groupId=weekly-sentiment-group] Node -1 disconnected.
2025-04-06 01:20:14.398 [org.springframework.kafka.KafkaListenerEndpointContainer#0-0-C-1] WARN  o.apache.kafka.clients.NetworkClient - [Consumer clientId=consumer-weekly-sentiment-group-1, groupId=weekly-sentiment-group] Connection to node -1 (localhost/127.0.0.1:9092) could not be established. Node may not be available.
2025-04-06 01:20:14.398 [org.springframework.kafka.KafkaListenerEndpointContainer#0-0-C-1] WARN  o.apache.kafka.clients.NetworkClient - [Consumer clientId=consumer-weekly-sentiment-group-1, groupId=weekly-sentiment-group] Bootstrap broker localhost:9092 (id: -1 rack: null) disconnected
2025-04-06 01:20:15.460 [org.springframework.kafka.KafkaListenerEndpointContainer#0-0-C-1] INFO  o.apache.kafka.clients.NetworkClient - [Consumer clientId=consumer-weekly-sentiment-group-1, groupId=weekly-sentiment-group] Node -1 disconnected.
2025-04-06 01:20:15.461 [org.springframework.kafka.KafkaListenerEndpointContainer#0-0-C-1] WARN  o.apache.kafka.clients.NetworkClient - [Consumer clientId=consumer-weekly-sentiment-group-1, groupId=weekly-sentiment-group] Connection to node -1 (localhost/127.0.0.1:9092) could not be established. Node may not be available.
2025-04-06 01:20:15.461 [org.springframework.kafka.KafkaListenerEndpointContainer#0-0-C-1] WARN  o.apache.kafka.clients.NetworkClient - [Consumer clientId=consumer-weekly-sentiment-group-1, groupId=weekly-sentiment-group] Bootstrap broker localhost:9092 (id: -1 rack: null) disconnected
2025-04-06 01:20:16.461 [org.springframework.kafka.KafkaListenerEndpointContainer#0-0-C-1] INFO  o.apache.kafka.clients.NetworkClient - [Consumer clientId=consumer-weekly-sentiment-group-1, groupId=weekly-sentiment-group] Node -1 disconnected.
2025-04-06 01:20:16.462 [org.springframework.kafka.KafkaListenerEndpointContainer#0-0-C-1] WARN  o.apache.kafka.clients.NetworkClient - [Consumer clientId=consumer-weekly-sentiment-group-1, groupId=weekly-sentiment-group] Connection to node -1 (localhost/127.0.0.1:9092) could not be established. Node may not be available.
2025-04-06 01:20:16.462 [org.springframework.kafka.KafkaListenerEndpointContainer#0-0-C-1] WARN  o.apache.kafka.clients.NetworkClient - [Consumer clientId=consumer-weekly-sentiment-group-1, groupId=weekly-sentiment-group] Bootstrap broker localhost:9092 (id: -1 rack: null) disconnected
2025-04-06 01:20:17.508 [org.springframework.kafka.KafkaListenerEndpointContainer#0-0-C-1] INFO  o.apache.kafka.clients.NetworkClient - [Consumer clientId=consumer-weekly-sentiment-group-1, groupId=weekly-sentiment-group] Node -1 disconnected.
2025-04-06 01:20:17.508 [org.springframework.kafka.KafkaListenerEndpointContainer#0-0-C-1] WARN  o.apache.kafka.clients.NetworkClient - [Consumer clientId=consumer-weekly-sentiment-group-1, groupId=weekly-sentiment-group] Connection to node -1 (localhost/127.0.0.1:9092) could not be established. Node may not be available.
2025-04-06 01:20:17.508 [org.springframework.kafka.KafkaListenerEndpointContainer#0-0-C-1] WARN  o.apache.kafka.clients.NetworkClient - [Consumer clientId=consumer-weekly-sentiment-group-1, groupId=weekly-sentiment-group] Bootstrap broker localhost:9092 (id: -1 rack: null) disconnected
2025-04-06 01:20:18.486 [org.springframework.kafka.KafkaListenerEndpointContainer#0-0-C-1] INFO  o.apache.kafka.clients.NetworkClient - [Consumer clientId=consumer-weekly-sentiment-group-1, groupId=weekly-sentiment-group] Node -1 disconnected.
2025-04-06 01:20:18.487 [org.springframework.kafka.KafkaListenerEndpointContainer#0-0-C-1] WARN  o.apache.kafka.clients.NetworkClient - [Consumer clientId=consumer-weekly-sentiment-group-1, groupId=weekly-sentiment-group] Connection to node -1 (localhost/127.0.0.1:9092) could not be established. Node may not be available.
2025-04-06 01:20:18.487 [org.springframework.kafka.KafkaListenerEndpointContainer#0-0-C-1] WARN  o.apache.kafka.clients.NetworkClient - [Consumer clientId=consumer-weekly-sentiment-group-1, groupId=weekly-sentiment-group] Bootstrap broker localhost:9092 (id: -1 rack: null) disconnected
2025-04-06 01:20:19.419 [org.springframework.kafka.KafkaListenerEndpointContainer#0-0-C-1] INFO  o.apache.kafka.clients.NetworkClient - [Consumer clientId=consumer-weekly-sentiment-group-1, groupId=weekly-sentiment-group] Node -1 disconnected.
2025-04-06 01:20:19.420 [org.springframework.kafka.KafkaListenerEndpointContainer#0-0-C-1] WARN  o.apache.kafka.clients.NetworkClient - [Consumer clientId=consumer-weekly-sentiment-group-1, groupId=weekly-sentiment-group] Connection to node -1 (localhost/127.0.0.1:9092) could not be established. Node may not be available.
2025-04-06 01:20:19.420 [org.springframework.kafka.KafkaListenerEndpointContainer#0-0-C-1] WARN  o.apache.kafka.clients.NetworkClient - [Consumer clientId=consumer-weekly-sentiment-group-1, groupId=weekly-sentiment-group] Bootstrap broker localhost:9092 (id: -1 rack: null) disconnected
2025-04-06 01:20:20.266 [org.springframework.kafka.KafkaListenerEndpointContainer#0-0-C-1] INFO  o.apache.kafka.clients.NetworkClient - [Consumer clientId=consumer-weekly-sentiment-group-1, groupId=weekly-sentiment-group] Node -1 disconnected.
2025-04-06 01:20:20.266 [org.springframework.kafka.KafkaListenerEndpointContainer#0-0-C-1] WARN  o.apache.kafka.clients.NetworkClient - [Consumer clientId=consumer-weekly-sentiment-group-1, groupId=weekly-sentiment-group] Connection to node -1 (localhost/127.0.0.1:9092) could not be established. Node may not be available.
2025-04-06 01:20:20.266 [org.springframework.kafka.KafkaListenerEndpointContainer#0-0-C-1] WARN  o.apache.kafka.clients.NetworkClient - [Consumer clientId=consumer-weekly-sentiment-group-1, groupId=weekly-sentiment-group] Bootstrap broker localhost:9092 (id: -1 rack: null) disconnected
2025-04-06 01:20:21.284 [org.springframework.kafka.KafkaListenerEndpointContainer#0-0-C-1] INFO  o.apache.kafka.clients.NetworkClient - [Consumer clientId=consumer-weekly-sentiment-group-1, groupId=weekly-sentiment-group] Node -1 disconnected.
2025-04-06 01:20:21.285 [org.springframework.kafka.KafkaListenerEndpointContainer#0-0-C-1] WARN  o.apache.kafka.clients.NetworkClient - [Consumer clientId=consumer-weekly-sentiment-group-1, groupId=weekly-sentiment-group] Connection to node -1 (localhost/127.0.0.1:9092) could not be established. Node may not be available.
2025-04-06 01:20:21.285 [org.springframework.kafka.KafkaListenerEndpointContainer#0-0-C-1] WARN  o.apache.kafka.clients.NetworkClient - [Consumer clientId=consumer-weekly-sentiment-group-1, groupId=weekly-sentiment-group] Bootstrap broker localhost:9092 (id: -1 rack: null) disconnected
2025-04-06 01:20:22.157 [org.springframework.kafka.KafkaListenerEndpointContainer#0-0-C-1] INFO  o.apache.kafka.clients.NetworkClient - [Consumer clientId=consumer-weekly-sentiment-group-1, groupId=weekly-sentiment-group] Node -1 disconnected.
2025-04-06 01:20:22.158 [org.springframework.kafka.KafkaListenerEndpointContainer#0-0-C-1] WARN  o.apache.kafka.clients.NetworkClient - [Consumer clientId=consumer-weekly-sentiment-group-1, groupId=weekly-sentiment-group] Connection to node -1 (localhost/127.0.0.1:9092) could not be established. Node may not be available.
2025-04-06 01:20:22.159 [org.springframework.kafka.KafkaListenerEndpointContainer#0-0-C-1] WARN  o.apache.kafka.clients.NetworkClient - [Consumer clientId=consumer-weekly-sentiment-group-1, groupId=weekly-sentiment-group] Bootstrap broker localhost:9092 (id: -1 rack: null) disconnected
2025-04-06 01:20:23.172 [org.springframework.kafka.KafkaListenerEndpointContainer#0-0-C-1] INFO  o.apache.kafka.clients.NetworkClient - [Consumer clientId=consumer-weekly-sentiment-group-1, groupId=weekly-sentiment-group] Node -1 disconnected.
2025-04-06 01:20:23.172 [org.springframework.kafka.KafkaListenerEndpointContainer#0-0-C-1] WARN  o.apache.kafka.clients.NetworkClient - [Consumer clientId=consumer-weekly-sentiment-group-1, groupId=weekly-sentiment-group] Connection to node -1 (localhost/127.0.0.1:9092) could not be established. Node may not be available.
2025-04-06 01:20:23.173 [org.springframework.kafka.KafkaListenerEndpointContainer#0-0-C-1] WARN  o.apache.kafka.clients.NetworkClient - [Consumer clientId=consumer-weekly-sentiment-group-1, groupId=weekly-sentiment-group] Bootstrap broker localhost:9092 (id: -1 rack: null) disconnected
2025-04-06 01:20:24.197 [org.springframework.kafka.KafkaListenerEndpointContainer#0-0-C-1] INFO  o.apache.kafka.clients.NetworkClient - [Consumer clientId=consumer-weekly-sentiment-group-1, groupId=weekly-sentiment-group] Node -1 disconnected.
2025-04-06 01:20:24.197 [org.springframework.kafka.KafkaListenerEndpointContainer#0-0-C-1] WARN  o.apache.kafka.clients.NetworkClient - [Consumer clientId=consumer-weekly-sentiment-group-1, groupId=weekly-sentiment-group] Connection to node -1 (localhost/127.0.0.1:9092) could not be established. Node may not be available.
2025-04-06 01:20:24.198 [org.springframework.kafka.KafkaListenerEndpointContainer#0-0-C-1] WARN  o.apache.kafka.clients.NetworkClient - [Consumer clientId=consumer-weekly-sentiment-group-1, groupId=weekly-sentiment-group] Bootstrap broker localhost:9092 (id: -1 rack: null) disconnected
2025-04-06 01:20:25.071 [org.springframework.kafka.KafkaListenerEndpointContainer#0-0-C-1] INFO  o.apache.kafka.clients.NetworkClient - [Consumer clientId=consumer-weekly-sentiment-group-1, groupId=weekly-sentiment-group] Node -1 disconnected.
2025-04-06 01:20:25.071 [org.springframework.kafka.KafkaListenerEndpointContainer#0-0-C-1] WARN  o.apache.kafka.clients.NetworkClient - [Consumer clientId=consumer-weekly-sentiment-group-1, groupId=weekly-sentiment-group] Connection to node -1 (localhost/127.0.0.1:9092) could not be established. Node may not be available.
2025-04-06 01:20:25.071 [org.springframework.kafka.KafkaListenerEndpointContainer#0-0-C-1] WARN  o.apache.kafka.clients.NetworkClient - [Consumer clientId=consumer-weekly-sentiment-group-1, groupId=weekly-sentiment-group] Bootstrap broker localhost:9092 (id: -1 rack: null) disconnected
2025-04-06 01:20:25.978 [org.springframework.kafka.KafkaListenerEndpointContainer#0-0-C-1] INFO  o.apache.kafka.clients.NetworkClient - [Consumer clientId=consumer-weekly-sentiment-group-1, groupId=weekly-sentiment-group] Node -1 disconnected.
2025-04-06 01:20:25.978 [org.springframework.kafka.KafkaListenerEndpointContainer#0-0-C-1] WARN  o.apache.kafka.clients.NetworkClient - [Consumer clientId=consumer-weekly-sentiment-group-1, groupId=weekly-sentiment-group] Connection to node -1 (localhost/127.0.0.1:9092) could not be established. Node may not be available.
2025-04-06 01:20:25.978 [org.springframework.kafka.KafkaListenerEndpointContainer#0-0-C-1] WARN  o.apache.kafka.clients.NetworkClient - [Consumer clientId=consumer-weekly-sentiment-group-1, groupId=weekly-sentiment-group] Bootstrap broker localhost:9092 (id: -1 rack: null) disconnected
2025-04-06 01:20:27.034 [org.springframework.kafka.KafkaListenerEndpointContainer#0-0-C-1] INFO  o.apache.kafka.clients.NetworkClient - [Consumer clientId=consumer-weekly-sentiment-group-1, groupId=weekly-sentiment-group] Node -1 disconnected.
2025-04-06 01:20:27.035 [org.springframework.kafka.KafkaListenerEndpointContainer#0-0-C-1] WARN  o.apache.kafka.clients.NetworkClient - [Consumer clientId=consumer-weekly-sentiment-group-1, groupId=weekly-sentiment-group] Connection to node -1 (localhost/127.0.0.1:9092) could not be established. Node may not be available.
2025-04-06 01:20:27.035 [org.springframework.kafka.KafkaListenerEndpointContainer#0-0-C-1] WARN  o.apache.kafka.clients.NetworkClient - [Consumer clientId=consumer-weekly-sentiment-group-1, groupId=weekly-sentiment-group] Bootstrap broker localhost:9092 (id: -1 rack: null) disconnected
2025-04-06 01:20:28.046 [org.springframework.kafka.KafkaListenerEndpointContainer#0-0-C-1] INFO  o.apache.kafka.clients.NetworkClient - [Consumer clientId=consumer-weekly-sentiment-group-1, groupId=weekly-sentiment-group] Node -1 disconnected.
2025-04-06 01:20:28.047 [org.springframework.kafka.KafkaListenerEndpointContainer#0-0-C-1] WARN  o.apache.kafka.clients.NetworkClient - [Consumer clientId=consumer-weekly-sentiment-group-1, groupId=weekly-sentiment-group] Connection to node -1 (localhost/127.0.0.1:9092) could not be established. Node may not be available.
2025-04-06 01:20:28.047 [org.springframework.kafka.KafkaListenerEndpointContainer#0-0-C-1] WARN  o.apache.kafka.clients.NetworkClient - [Consumer clientId=consumer-weekly-sentiment-group-1, groupId=weekly-sentiment-group] Bootstrap broker localhost:9092 (id: -1 rack: null) disconnected
2025-04-06 01:20:28.959 [org.springframework.kafka.KafkaListenerEndpointContainer#0-0-C-1] INFO  o.apache.kafka.clients.NetworkClient - [Consumer clientId=consumer-weekly-sentiment-group-1, groupId=weekly-sentiment-group] Node -1 disconnected.
2025-04-06 01:20:28.959 [org.springframework.kafka.KafkaListenerEndpointContainer#0-0-C-1] WARN  o.apache.kafka.clients.NetworkClient - [Consumer clientId=consumer-weekly-sentiment-group-1, groupId=weekly-sentiment-group] Connection to node -1 (localhost/127.0.0.1:9092) could not be established. Node may not be available.
2025-04-06 01:20:28.959 [org.springframework.kafka.KafkaListenerEndpointContainer#0-0-C-1] WARN  o.apache.kafka.clients.NetworkClient - [Consumer clientId=consumer-weekly-sentiment-group-1, groupId=weekly-sentiment-group] Bootstrap broker localhost:9092 (id: -1 rack: null) disconnected
2025-04-06 01:20:29.974 [org.springframework.kafka.KafkaListenerEndpointContainer#0-0-C-1] INFO  o.apache.kafka.clients.NetworkClient - [Consumer clientId=consumer-weekly-sentiment-group-1, groupId=weekly-sentiment-group] Node -1 disconnected.
2025-04-06 01:20:29.974 [org.springframework.kafka.KafkaListenerEndpointContainer#0-0-C-1] WARN  o.apache.kafka.clients.NetworkClient - [Consumer clientId=consumer-weekly-sentiment-group-1, groupId=weekly-sentiment-group] Connection to node -1 (localhost/127.0.0.1:9092) could not be established. Node may not be available.
2025-04-06 01:20:29.974 [org.springframework.kafka.KafkaListenerEndpointContainer#0-0-C-1] WARN  o.apache.kafka.clients.NetworkClient - [Consumer clientId=consumer-weekly-sentiment-group-1, groupId=weekly-sentiment-group] Bootstrap broker localhost:9092 (id: -1 rack: null) disconnected
2025-04-06 01:20:30.897 [org.springframework.kafka.KafkaListenerEndpointContainer#0-0-C-1] INFO  o.apache.kafka.clients.NetworkClient - [Consumer clientId=consumer-weekly-sentiment-group-1, groupId=weekly-sentiment-group] Node -1 disconnected.
2025-04-06 01:20:30.898 [org.springframework.kafka.KafkaListenerEndpointContainer#0-0-C-1] WARN  o.apache.kafka.clients.NetworkClient - [Consumer clientId=consumer-weekly-sentiment-group-1, groupId=weekly-sentiment-group] Connection to node -1 (localhost/127.0.0.1:9092) could not be established. Node may not be available.
2025-04-06 01:20:30.898 [org.springframework.kafka.KafkaListenerEndpointContainer#0-0-C-1] WARN  o.apache.kafka.clients.NetworkClient - [Consumer clientId=consumer-weekly-sentiment-group-1, groupId=weekly-sentiment-group] Bootstrap broker localhost:9092 (id: -1 rack: null) disconnected
2025-04-06 01:20:31.896 [org.springframework.kafka.KafkaListenerEndpointContainer#0-0-C-1] INFO  o.apache.kafka.clients.NetworkClient - [Consumer clientId=consumer-weekly-sentiment-group-1, groupId=weekly-sentiment-group] Node -1 disconnected.
2025-04-06 01:20:31.896 [org.springframework.kafka.KafkaListenerEndpointContainer#0-0-C-1] WARN  o.apache.kafka.clients.NetworkClient - [Consumer clientId=consumer-weekly-sentiment-group-1, groupId=weekly-sentiment-group] Connection to node -1 (localhost/127.0.0.1:9092) could not be established. Node may not be available.
2025-04-06 01:20:31.896 [org.springframework.kafka.KafkaListenerEndpointContainer#0-0-C-1] WARN  o.apache.kafka.clients.NetworkClient - [Consumer clientId=consumer-weekly-sentiment-group-1, groupId=weekly-sentiment-group] Bootstrap broker localhost:9092 (id: -1 rack: null) disconnected
2025-04-06 01:20:32.861 [org.springframework.kafka.KafkaListenerEndpointContainer#0-0-C-1] INFO  o.apache.kafka.clients.NetworkClient - [Consumer clientId=consumer-weekly-sentiment-group-1, groupId=weekly-sentiment-group] Node -1 disconnected.
2025-04-06 01:20:32.861 [org.springframework.kafka.KafkaListenerEndpointContainer#0-0-C-1] WARN  o.apache.kafka.clients.NetworkClient - [Consumer clientId=consumer-weekly-sentiment-group-1, groupId=weekly-sentiment-group] Connection to node -1 (localhost/127.0.0.1:9092) could not be established. Node may not be available.
2025-04-06 01:20:32.861 [org.springframework.kafka.KafkaListenerEndpointContainer#0-0-C-1] WARN  o.apache.kafka.clients.NetworkClient - [Consumer clientId=consumer-weekly-sentiment-group-1, groupId=weekly-sentiment-group] Bootstrap broker localhost:9092 (id: -1 rack: null) disconnected
2025-04-06 01:20:33.907 [org.springframework.kafka.KafkaListenerEndpointContainer#0-0-C-1] INFO  o.apache.kafka.clients.NetworkClient - [Consumer clientId=consumer-weekly-sentiment-group-1, groupId=weekly-sentiment-group] Node -1 disconnected.
2025-04-06 01:20:33.907 [org.springframework.kafka.KafkaListenerEndpointContainer#0-0-C-1] WARN  o.apache.kafka.clients.NetworkClient - [Consumer clientId=consumer-weekly-sentiment-group-1, groupId=weekly-sentiment-group] Connection to node -1 (localhost/127.0.0.1:9092) could not be established. Node may not be available.
2025-04-06 01:20:33.907 [org.springframework.kafka.KafkaListenerEndpointContainer#0-0-C-1] WARN  o.apache.kafka.clients.NetworkClient - [Consumer clientId=consumer-weekly-sentiment-group-1, groupId=weekly-sentiment-group] Bootstrap broker localhost:9092 (id: -1 rack: null) disconnected
2025-04-06 01:20:34.622 [org.springframework.kafka.KafkaListenerEndpointContainer#0-0-C-1] INFO  o.a.k.c.c.i.ConsumerCoordinator - [Consumer clientId=consumer-weekly-sentiment-group-1, groupId=weekly-sentiment-group] Resetting generation and member id due to: consumer pro-actively leaving the group
2025-04-06 01:20:34.622 [org.springframework.kafka.KafkaListenerEndpointContainer#0-0-C-1] INFO  o.a.k.c.c.i.ConsumerCoordinator - [Consumer clientId=consumer-weekly-sentiment-group-1, groupId=weekly-sentiment-group] Request joining group due to: consumer pro-actively leaving the group
2025-04-06 01:20:34.622 [org.springframework.kafka.KafkaListenerEndpointContainer#0-0-C-1] INFO  o.a.k.c.c.i.LegacyKafkaConsumer - [Consumer clientId=consumer-weekly-sentiment-group-1, groupId=weekly-sentiment-group] Unsubscribed all topics or patterns and assigned partitions
2025-04-06 01:20:34.624 [org.springframework.kafka.KafkaListenerEndpointContainer#0-0-C-1] INFO  o.a.k.c.c.i.ConsumerCoordinator - [Consumer clientId=consumer-weekly-sentiment-group-1, groupId=weekly-sentiment-group] Resetting generation and member id due to: consumer pro-actively leaving the group
2025-04-06 01:20:34.624 [org.springframework.kafka.KafkaListenerEndpointContainer#0-0-C-1] INFO  o.a.k.c.c.i.ConsumerCoordinator - [Consumer clientId=consumer-weekly-sentiment-group-1, groupId=weekly-sentiment-group] Request joining group due to: consumer pro-actively leaving the group
2025-04-06 01:20:34.626 [org.springframework.kafka.KafkaListenerEndpointContainer#0-0-C-1] INFO  o.a.kafka.common.metrics.Metrics - Metrics scheduler closed
2025-04-06 01:20:34.626 [org.springframework.kafka.KafkaListenerEndpointContainer#0-0-C-1] INFO  o.a.kafka.common.metrics.Metrics - Closing reporter org.apache.kafka.common.metrics.JmxReporter
2025-04-06 01:20:34.626 [org.springframework.kafka.KafkaListenerEndpointContainer#0-0-C-1] INFO  o.a.kafka.common.metrics.Metrics - Closing reporter org.apache.kafka.common.telemetry.internals.ClientTelemetryReporter
2025-04-06 01:20:34.626 [org.springframework.kafka.KafkaListenerEndpointContainer#0-0-C-1] INFO  o.a.kafka.common.metrics.Metrics - Metrics reporters closed
2025-04-06 01:20:34.629 [org.springframework.kafka.KafkaListenerEndpointContainer#0-0-C-1] INFO  o.a.kafka.common.utils.AppInfoParser - App info kafka.consumer for consumer-weekly-sentiment-group-1 unregistered
2025-04-06 01:20:34.629 [org.springframework.kafka.KafkaListenerEndpointContainer#0-0-C-1] INFO  o.s.k.l.KafkaMessageListenerContainer - weekly-sentiment-group: Consumer stopped
